#
# There is insufficient memory for the Java Runtime Environment to continue.
# Native memory allocation (malloc) failed to allocate 5392 bytes for AllocateHeap
# Possible reasons:
#   The system is out of physical RAM or swap space
#   The process is running with CompressedOops enabled, and the Java Heap may be blocking the growth of the native heap
# Possible solutions:
#   Reduce memory load on the system
#   Increase physical memory or swap space
#   Check if swap backing store is full
#   Decrease Java heap size (-Xmx/-Xms)
#   Decrease number of Java threads
#
#  

#

---------------  S U M M A R Y ------------

Command Line: -Dfile.encoding=Cp1253 Swing.Example

Host: AMD Ryzen 3 1200 Quad-Core Processor           , 4 cores, 7G,  Windows 10 , 64 bit Build 18362 (10.0.18362.329)
Time: Tue Dec 10 20:35:48 2019 ?aeianei? ?na GTB elapsed time: 2148 seconds (0d 0h 35m 48s)

---------------  T H R E A D  ---------------

Current thread (0x0000013bcc208000):  JavaThread "D3D Screen Updater" daemon [_thread_in_Java, id=14532, stack(0x00000002cb300000,0x00000002cb400000)]

Stack: [0x00000002cb300000,0x00000002cb400000]
[error occurred during error reporting (printing stack bounds), id 0xc0000005, EXCEPTION_ACCESS_VIOLATION (0xc0000005) at pc=0x00007ffc5640ddca]

Native frames: (J=compiled Java code, j=interpreted, Vv=VM code, C=native code)
V  [jvm.dll+0x63948a]
V  [jvm.dll+0x78b31f]
V  [jvm.dll+0x78c9c1]
V  [jvm.dll+0x78cf75]
V  [jvm.dll+0x78cf2b]
V  [jvm.dll+0x638b84]
V  [jvm.dll+0x638f58]
C  [ntdll.dll+0xa11ff]
C  [ntdll.dll+0x6a289]
C  [ntdll.dll+0x9fe6e]
V  [jvm.dll+0x6addca]
C  0x0000013bb4c6833e

Java frames: (J=compiled Java code, j=interpreted, Vv=VM code)
v  ~UncommonTrapBlob
J 731 c2 java.util.ArrayList.toArray([Ljava/lang/Object;)[Ljava/lang/Object; java.base@12.0.1 (57 bytes) @ 0x0000013bbc75bb48 [0x0000013bbc75b740+0x0000000000000408]
J 732% c1 sun.java2d.d3d.D3DScreenUpdateManager.run()V java.desktop@12.0.1 (267 bytes) @ 0x0000013bb5317464 [0x0000013bb5316f40+0x0000000000000524]
j  java.lang.Thread.run()V+11 java.base@12.0.1
v  ~StubRoutines::call_stub

---------------  P R O C E S S  ---------------

Threads class SMR info:
_java_thread_list=0x0000013bcc1ec4a0, length=15, elements={
0x0000013bcace0000, 0x0000013bcace1800, 0x0000013bcacfe800, 0x0000013bcacff800,
0x0000013bcad01800, 0x0000013bcad10800, 0x0000013bcad26000, 0x0000013bcb780000,
0x0000013bcb795000, 0x0000013bcb9c5000, 0x0000013bcb9f5000, 0x0000013bcba00800,
0x0000013bcb9b7000, 0x0000013bcc208000, 0x0000013bac858800
}

Java Threads: ( => current thread )
  0x0000013bcace0000 JavaThread "Reference Handler" daemon [_thread_blocked, id=14440, stack(0x00000002c9d00000,0x00000002c9e00000)]
  0x0000013bcace1800 JavaThread "Finalizer" daemon [_thread_blocked, id=14444, stack(0x00000002c9e00000,0x00000002c9f00000)]
  0x0000013bcacfe800 JavaThread "Signal Dispatcher" daemon [_thread_blocked, id=14448, stack(0x00000002c9f00000,0x00000002ca000000)]
  0x0000013bcacff800 JavaThread "Attach Listener" daemon [_thread_blocked, id=14452, stack(0x00000002ca000000,0x00000002ca100000)]
  0x0000013bcad01800 JavaThread "C2 CompilerThread0" daemon [_thread_blocked, id=14456, stack(0x00000002ca100000,0x00000002ca200000)]
  0x0000013bcad10800 JavaThread "C1 CompilerThread0" daemon [_thread_blocked, id=14460, stack(0x00000002ca200000,0x00000002ca300000)]
  0x0000013bcad26000 JavaThread "Sweeper thread" daemon [_thread_blocked, id=14464, stack(0x00000002ca300000,0x00000002ca400000)]
  0x0000013bcb780000 JavaThread "Service Thread" daemon [_thread_blocked, id=14468, stack(0x00000002ca400000,0x00000002ca500000)]
  0x0000013bcb795000 JavaThread "Common-Cleaner" daemon [_thread_blocked, id=14476, stack(0x00000002ca600000,0x00000002ca700000)]
  0x0000013bcb9c5000 JavaThread "Java2D Disposer" daemon [_thread_blocked, id=14480, stack(0x00000002ca700000,0x00000002ca800000)]
  0x0000013bcb9f5000 JavaThread "AWT-Shutdown" [_thread_blocked, id=14484, stack(0x00000002ca800000,0x00000002ca900000)]
  0x0000013bcba00800 JavaThread "AWT-Windows" daemon [_thread_in_native, id=14488, stack(0x00000002ca900000,0x00000002caa00000)]
  0x0000013bcb9b7000 JavaThread "AWT-EventQueue-0" [_thread_blocked, id=14524, stack(0x00000002cb200000,0x00000002cb300000)]
=>0x0000013bcc208000 JavaThread "D3D Screen Updater" daemon [_thread_in_Java, id=14532, stack(0x00000002cb300000,0x00000002cb400000)]
  0x0000013bac858800 JavaThread "DestroyJavaVM" [_thread_blocked, id=14412, stack(0x00000002c9600000,0x00000002c9700000)]

Other Threads:
  0x0000013bcacdd800 VMThread "VM Thread" [stack: 0x00000002c9c00000,0x00000002c9d00000] [id=14436]
  0x0000013bcb793800 WatcherThread [stack: 0x00000002ca500000,0x00000002ca600000] [id=14472]
  0x0000013bac894800 GCTaskThread "GC Thread#0" [stack: 0x00000002c9700000,0x00000002c9800000] [id=14416]
  0x0000013bac8a4800 ConcurrentGCThread "G1 Main Marker" [stack: 0x00000002c9800000,0x00000002c9900000] [id=14420]
  0x0000013bac8a7800 ConcurrentGCThread "G1 Conc#0" [stack: 0x00000002c9900000,0x00000002c9a00000] [id=14424]
  0x0000013bac92d800 ConcurrentGCThread "G1 Refine#0" [stack: 0x00000002c9a00000,0x00000002c9b00000] [id=14428]
  0x0000013bcab60800 ConcurrentGCThread "G1 Young RemSet Sampling" [stack: 0x00000002c9b00000,0x00000002c9c00000] [id=14432]

Threads with active compile tasks:

VM state:not at safepoint (normal execution)

VM Mutex/Monitor currently owned by a thread: None

Heap address: 0x0000000080a00000, size: 2038 MB, Compressed Oops mode: 32-bit
Narrow klass base: 0x0000000800000000, Narrow klass shift: 3
Compressed class space size: 1073741824 Address: 0x00000008011a0000

Heap:
 garbage-first heap   total 131072K, used 8192K [0x0000000080a00000, 0x0000000100000000)
  region size 1024K, 8 young (8192K), 0 survivors (0K)
 Metaspace       used 6605K, capacity 6911K, committed 7168K, reserved 1056768K
  class space    used 746K, capacity 910K, committed 1024K, reserved 1048576K
Heap Regions: E=young(eden), S=young(survivor), O=old, HS=humongous(starts), HC=humongous(continues), CS=collection set, F=free, A=archive, TAMS=top-at-mark-start (previous, next)
|   0|0x0000000080a00000, 0x0000000080b00000, 0x0000000080b00000|100%|HS|  |TAMS 0x0000000080a00000, 0x0000000080a00000| Complete 
|   1|0x0000000080b00000, 0x0000000080b00000, 0x0000000080c00000|  0%| F|  |TAMS 0x0000000080b00000, 0x0000000080b00000| Untracked 
|   2|0x0000000080c00000, 0x0000000080c00000, 0x0000000080d00000|  0%| F|  |TAMS 0x0000000080c00000, 0x0000000080c00000| Untracked 
|   3|0x0000000080d00000, 0x0000000080d00000, 0x0000000080e00000|  0%| F|  |TAMS 0x0000000080d00000, 0x0000000080d00000| Untracked 
|   4|0x0000000080e00000, 0x0000000080e00000, 0x0000000080f00000|  0%| F|  |TAMS 0x0000000080e00000, 0x0000000080e00000| Untracked 
|   5|0x0000000080f00000, 0x0000000080f00000, 0x0000000081000000|  0%| F|  |TAMS 0x0000000080f00000, 0x0000000080f00000| Untracked 
|   6|0x0000000081000000, 0x0000000081000000, 0x0000000081100000|  0%| F|  |TAMS 0x0000000081000000, 0x0000000081000000| Untracked 
|   7|0x0000000081100000, 0x0000000081100000, 0x0000000081200000|  0%| F|  |TAMS 0x0000000081100000, 0x0000000081100000| Untracked 
|   8|0x0000000081200000, 0x0000000081200000, 0x0000000081300000|  0%| F|  |TAMS 0x0000000081200000, 0x0000000081200000| Untracked 
|   9|0x0000000081300000, 0x0000000081300000, 0x0000000081400000|  0%| F|  |TAMS 0x0000000081300000, 0x0000000081300000| Untracked 
|  10|0x0000000081400000, 0x0000000081400000, 0x0000000081500000|  0%| F|  |TAMS 0x0000000081400000, 0x0000000081400000| Untracked 
|  11|0x0000000081500000, 0x0000000081500000, 0x0000000081600000|  0%| F|  |TAMS 0x0000000081500000, 0x0000000081500000| Untracked 
|  12|0x0000000081600000, 0x0000000081600000, 0x0000000081700000|  0%| F|  |TAMS 0x0000000081600000, 0x0000000081600000| Untracked 
|  13|0x0000000081700000, 0x0000000081700000, 0x0000000081800000|  0%| F|  |TAMS 0x0000000081700000, 0x0000000081700000| Untracked 
|  14|0x0000000081800000, 0x0000000081800000, 0x0000000081900000|  0%| F|  |TAMS 0x0000000081800000, 0x0000000081800000| Untracked 
|  15|0x0000000081900000, 0x0000000081900000, 0x0000000081a00000|  0%| F|  |TAMS 0x0000000081900000, 0x0000000081900000| Untracked 
|  16|0x0000000081a00000, 0x0000000081a00000, 0x0000000081b00000|  0%| F|  |TAMS 0x0000000081a00000, 0x0000000081a00000| Untracked 
|  17|0x0000000081b00000, 0x0000000081b00000, 0x0000000081c00000|  0%| F|  |TAMS 0x0000000081b00000, 0x0000000081b00000| Untracked 
|  18|0x0000000081c00000, 0x0000000081c00000, 0x0000000081d00000|  0%| F|  |TAMS 0x0000000081c00000, 0x0000000081c00000| Untracked 
|  19|0x0000000081d00000, 0x0000000081d00000, 0x0000000081e00000|  0%| F|  |TAMS 0x0000000081d00000, 0x0000000081d00000| Untracked 
|  20|0x0000000081e00000, 0x0000000081e00000, 0x0000000081f00000|  0%| F|  |TAMS 0x0000000081e00000, 0x0000000081e00000| Untracked 
|  21|0x0000000081f00000, 0x0000000081f00000, 0x0000000082000000|  0%| F|  |TAMS 0x0000000081f00000, 0x0000000081f00000| Untracked 
|  22|0x0000000082000000, 0x0000000082000000, 0x0000000082100000|  0%| F|  |TAMS 0x0000000082000000, 0x0000000082000000| Untracked 
|  23|0x0000000082100000, 0x0000000082100000, 0x0000000082200000|  0%| F|  |TAMS 0x0000000082100000, 0x0000000082100000| Untracked 
|  24|0x0000000082200000, 0x0000000082200000, 0x0000000082300000|  0%| F|  |TAMS 0x0000000082200000, 0x0000000082200000| Untracked 
|  25|0x0000000082300000, 0x0000000082300000, 0x0000000082400000|  0%| F|  |TAMS 0x0000000082300000, 0x0000000082300000| Untracked 
|  26|0x0000000082400000, 0x0000000082400000, 0x0000000082500000|  0%| F|  |TAMS 0x0000000082400000, 0x0000000082400000| Untracked 
|  27|0x0000000082500000, 0x0000000082500000, 0x0000000082600000|  0%| F|  |TAMS 0x0000000082500000, 0x0000000082500000| Untracked 
|  28|0x0000000082600000, 0x0000000082600000, 0x0000000082700000|  0%| F|  |TAMS 0x0000000082600000, 0x0000000082600000| Untracked 
|  29|0x0000000082700000, 0x0000000082700000, 0x0000000082800000|  0%| F|  |TAMS 0x0000000082700000, 0x0000000082700000| Untracked 
|  30|0x0000000082800000, 0x0000000082800000, 0x0000000082900000|  0%| F|  |TAMS 0x0000000082800000, 0x0000000082800000| Untracked 
|  31|0x0000000082900000, 0x0000000082900000, 0x0000000082a00000|  0%| F|  |TAMS 0x0000000082900000, 0x0000000082900000| Untracked 
|  32|0x0000000082a00000, 0x0000000082a00000, 0x0000000082b00000|  0%| F|  |TAMS 0x0000000082a00000, 0x0000000082a00000| Untracked 
|  33|0x0000000082b00000, 0x0000000082b00000, 0x0000000082c00000|  0%| F|  |TAMS 0x0000000082b00000, 0x0000000082b00000| Untracked 
|  34|0x0000000082c00000, 0x0000000082c00000, 0x0000000082d00000|  0%| F|  |TAMS 0x0000000082c00000, 0x0000000082c00000| Untracked 
|  35|0x0000000082d00000, 0x0000000082d00000, 0x0000000082e00000|  0%| F|  |TAMS 0x0000000082d00000, 0x0000000082d00000| Untracked 
|  36|0x0000000082e00000, 0x0000000082e00000, 0x0000000082f00000|  0%| F|  |TAMS 0x0000000082e00000, 0x0000000082e00000| Untracked 
|  37|0x0000000082f00000, 0x0000000082f00000, 0x0000000083000000|  0%| F|  |TAMS 0x0000000082f00000, 0x0000000082f00000| Untracked 
|  38|0x0000000083000000, 0x0000000083000000, 0x0000000083100000|  0%| F|  |TAMS 0x0000000083000000, 0x0000000083000000| Untracked 
|  39|0x0000000083100000, 0x0000000083100000, 0x0000000083200000|  0%| F|  |TAMS 0x0000000083100000, 0x0000000083100000| Untracked 
|  40|0x0000000083200000, 0x0000000083200000, 0x0000000083300000|  0%| F|  |TAMS 0x0000000083200000, 0x0000000083200000| Untracked 
|  41|0x0000000083300000, 0x0000000083300000, 0x0000000083400000|  0%| F|  |TAMS 0x0000000083300000, 0x0000000083300000| Untracked 
|  42|0x0000000083400000, 0x0000000083400000, 0x0000000083500000|  0%| F|  |TAMS 0x0000000083400000, 0x0000000083400000| Untracked 
|  43|0x0000000083500000, 0x0000000083500000, 0x0000000083600000|  0%| F|  |TAMS 0x0000000083500000, 0x0000000083500000| Untracked 
|  44|0x0000000083600000, 0x0000000083600000, 0x0000000083700000|  0%| F|  |TAMS 0x0000000083600000, 0x0000000083600000| Untracked 
|  45|0x0000000083700000, 0x0000000083700000, 0x0000000083800000|  0%| F|  |TAMS 0x0000000083700000, 0x0000000083700000| Untracked 
|  46|0x0000000083800000, 0x0000000083800000, 0x0000000083900000|  0%| F|  |TAMS 0x0000000083800000, 0x0000000083800000| Untracked 
|  47|0x0000000083900000, 0x0000000083900000, 0x0000000083a00000|  0%| F|  |TAMS 0x0000000083900000, 0x0000000083900000| Untracked 
|  48|0x0000000083a00000, 0x0000000083a00000, 0x0000000083b00000|  0%| F|  |TAMS 0x0000000083a00000, 0x0000000083a00000| Untracked 
|  49|0x0000000083b00000, 0x0000000083b00000, 0x0000000083c00000|  0%| F|  |TAMS 0x0000000083b00000, 0x0000000083b00000| Untracked 
|  50|0x0000000083c00000, 0x0000000083c00000, 0x0000000083d00000|  0%| F|  |TAMS 0x0000000083c00000, 0x0000000083c00000| Untracked 
|  51|0x0000000083d00000, 0x0000000083d00000, 0x0000000083e00000|  0%| F|  |TAMS 0x0000000083d00000, 0x0000000083d00000| Untracked 
|  52|0x0000000083e00000, 0x0000000083e00000, 0x0000000083f00000|  0%| F|  |TAMS 0x0000000083e00000, 0x0000000083e00000| Untracked 
|  53|0x0000000083f00000, 0x0000000083f00000, 0x0000000084000000|  0%| F|  |TAMS 0x0000000083f00000, 0x0000000083f00000| Untracked 
|  54|0x0000000084000000, 0x0000000084000000, 0x0000000084100000|  0%| F|  |TAMS 0x0000000084000000, 0x0000000084000000| Untracked 
|  55|0x0000000084100000, 0x0000000084100000, 0x0000000084200000|  0%| F|  |TAMS 0x0000000084100000, 0x0000000084100000| Untracked 
|  56|0x0000000084200000, 0x0000000084200000, 0x0000000084300000|  0%| F|  |TAMS 0x0000000084200000, 0x0000000084200000| Untracked 
|  57|0x0000000084300000, 0x0000000084300000, 0x0000000084400000|  0%| F|  |TAMS 0x0000000084300000, 0x0000000084300000| Untracked 
|  58|0x0000000084400000, 0x0000000084400000, 0x0000000084500000|  0%| F|  |TAMS 0x0000000084400000, 0x0000000084400000| Untracked 
|  59|0x0000000084500000, 0x0000000084500000, 0x0000000084600000|  0%| F|  |TAMS 0x0000000084500000, 0x0000000084500000| Untracked 
|  60|0x0000000084600000, 0x0000000084600000, 0x0000000084700000|  0%| F|  |TAMS 0x0000000084600000, 0x0000000084600000| Untracked 
|  61|0x0000000084700000, 0x0000000084700000, 0x0000000084800000|  0%| F|  |TAMS 0x0000000084700000, 0x0000000084700000| Untracked 
|  62|0x0000000084800000, 0x0000000084800000, 0x0000000084900000|  0%| F|  |TAMS 0x0000000084800000, 0x0000000084800000| Untracked 
|  63|0x0000000084900000, 0x0000000084900000, 0x0000000084a00000|  0%| F|  |TAMS 0x0000000084900000, 0x0000000084900000| Untracked 
|  64|0x0000000084a00000, 0x0000000084a00000, 0x0000000084b00000|  0%| F|  |TAMS 0x0000000084a00000, 0x0000000084a00000| Untracked 
|  65|0x0000000084b00000, 0x0000000084b00000, 0x0000000084c00000|  0%| F|  |TAMS 0x0000000084b00000, 0x0000000084b00000| Untracked 
|  66|0x0000000084c00000, 0x0000000084c00000, 0x0000000084d00000|  0%| F|  |TAMS 0x0000000084c00000, 0x0000000084c00000| Untracked 
|  67|0x0000000084d00000, 0x0000000084d00000, 0x0000000084e00000|  0%| F|  |TAMS 0x0000000084d00000, 0x0000000084d00000| Untracked 
|  68|0x0000000084e00000, 0x0000000084e00000, 0x0000000084f00000|  0%| F|  |TAMS 0x0000000084e00000, 0x0000000084e00000| Untracked 
|  69|0x0000000084f00000, 0x0000000084f00000, 0x0000000085000000|  0%| F|  |TAMS 0x0000000084f00000, 0x0000000084f00000| Untracked 
|  70|0x0000000085000000, 0x0000000085000000, 0x0000000085100000|  0%| F|  |TAMS 0x0000000085000000, 0x0000000085000000| Untracked 
|  71|0x0000000085100000, 0x0000000085100000, 0x0000000085200000|  0%| F|  |TAMS 0x0000000085100000, 0x0000000085100000| Untracked 
|  72|0x0000000085200000, 0x0000000085200000, 0x0000000085300000|  0%| F|  |TAMS 0x0000000085200000, 0x0000000085200000| Untracked 
|  73|0x0000000085300000, 0x0000000085300000, 0x0000000085400000|  0%| F|  |TAMS 0x0000000085300000, 0x0000000085300000| Untracked 
|  74|0x0000000085400000, 0x0000000085400000, 0x0000000085500000|  0%| F|  |TAMS 0x0000000085400000, 0x0000000085400000| Untracked 
|  75|0x0000000085500000, 0x0000000085500000, 0x0000000085600000|  0%| F|  |TAMS 0x0000000085500000, 0x0000000085500000| Untracked 
|  76|0x0000000085600000, 0x0000000085600000, 0x0000000085700000|  0%| F|  |TAMS 0x0000000085600000, 0x0000000085600000| Untracked 
|  77|0x0000000085700000, 0x0000000085700000, 0x0000000085800000|  0%| F|  |TAMS 0x0000000085700000, 0x0000000085700000| Untracked 
|  78|0x0000000085800000, 0x0000000085800000, 0x0000000085900000|  0%| F|  |TAMS 0x0000000085800000, 0x0000000085800000| Untracked 
|  79|0x0000000085900000, 0x0000000085900000, 0x0000000085a00000|  0%| F|  |TAMS 0x0000000085900000, 0x0000000085900000| Untracked 
|  80|0x0000000085a00000, 0x0000000085a00000, 0x0000000085b00000|  0%| F|  |TAMS 0x0000000085a00000, 0x0000000085a00000| Untracked 
|  81|0x0000000085b00000, 0x0000000085b00000, 0x0000000085c00000|  0%| F|  |TAMS 0x0000000085b00000, 0x0000000085b00000| Untracked 
|  82|0x0000000085c00000, 0x0000000085c00000, 0x0000000085d00000|  0%| F|  |TAMS 0x0000000085c00000, 0x0000000085c00000| Untracked 
|  83|0x0000000085d00000, 0x0000000085d00000, 0x0000000085e00000|  0%| F|  |TAMS 0x0000000085d00000, 0x0000000085d00000| Untracked 
|  84|0x0000000085e00000, 0x0000000085e00000, 0x0000000085f00000|  0%| F|  |TAMS 0x0000000085e00000, 0x0000000085e00000| Untracked 
|  85|0x0000000085f00000, 0x0000000085f00000, 0x0000000086000000|  0%| F|  |TAMS 0x0000000085f00000, 0x0000000085f00000| Untracked 
|  86|0x0000000086000000, 0x0000000086000000, 0x0000000086100000|  0%| F|  |TAMS 0x0000000086000000, 0x0000000086000000| Untracked 
|  87|0x0000000086100000, 0x0000000086100000, 0x0000000086200000|  0%| F|  |TAMS 0x0000000086100000, 0x0000000086100000| Untracked 
|  88|0x0000000086200000, 0x0000000086200000, 0x0000000086300000|  0%| F|  |TAMS 0x0000000086200000, 0x0000000086200000| Untracked 
|  89|0x0000000086300000, 0x0000000086300000, 0x0000000086400000|  0%| F|  |TAMS 0x0000000086300000, 0x0000000086300000| Untracked 
|  90|0x0000000086400000, 0x0000000086400000, 0x0000000086500000|  0%| F|  |TAMS 0x0000000086400000, 0x0000000086400000| Untracked 
|  91|0x0000000086500000, 0x0000000086500000, 0x0000000086600000|  0%| F|  |TAMS 0x0000000086500000, 0x0000000086500000| Untracked 
|  92|0x0000000086600000, 0x0000000086600000, 0x0000000086700000|  0%| F|  |TAMS 0x0000000086600000, 0x0000000086600000| Untracked 
|  93|0x0000000086700000, 0x0000000086700000, 0x0000000086800000|  0%| F|  |TAMS 0x0000000086700000, 0x0000000086700000| Untracked 
|  94|0x0000000086800000, 0x0000000086800000, 0x0000000086900000|  0%| F|  |TAMS 0x0000000086800000, 0x0000000086800000| Untracked 
|  95|0x0000000086900000, 0x0000000086900000, 0x0000000086a00000|  0%| F|  |TAMS 0x0000000086900000, 0x0000000086900000| Untracked 
|  96|0x0000000086a00000, 0x0000000086a00000, 0x0000000086b00000|  0%| F|  |TAMS 0x0000000086a00000, 0x0000000086a00000| Untracked 
|  97|0x0000000086b00000, 0x0000000086b00000, 0x0000000086c00000|  0%| F|  |TAMS 0x0000000086b00000, 0x0000000086b00000| Untracked 
|  98|0x0000000086c00000, 0x0000000086c00000, 0x0000000086d00000|  0%| F|  |TAMS 0x0000000086c00000, 0x0000000086c00000| Untracked 
|  99|0x0000000086d00000, 0x0000000086d00000, 0x0000000086e00000|  0%| F|  |TAMS 0x0000000086d00000, 0x0000000086d00000| Untracked 
| 100|0x0000000086e00000, 0x0000000086e00000, 0x0000000086f00000|  0%| F|  |TAMS 0x0000000086e00000, 0x0000000086e00000| Untracked 
| 101|0x0000000086f00000, 0x0000000086f00000, 0x0000000087000000|  0%| F|  |TAMS 0x0000000086f00000, 0x0000000086f00000| Untracked 
| 102|0x0000000087000000, 0x0000000087000000, 0x0000000087100000|  0%| F|  |TAMS 0x0000000087000000, 0x0000000087000000| Untracked 
| 103|0x0000000087100000, 0x0000000087100000, 0x0000000087200000|  0%| F|  |TAMS 0x0000000087100000, 0x0000000087100000| Untracked 
| 104|0x0000000087200000, 0x0000000087200000, 0x0000000087300000|  0%| F|  |TAMS 0x0000000087200000, 0x0000000087200000| Untracked 
| 105|0x0000000087300000, 0x0000000087300000, 0x0000000087400000|  0%| F|  |TAMS 0x0000000087300000, 0x0000000087300000| Untracked 
| 106|0x0000000087400000, 0x0000000087400000, 0x0000000087500000|  0%| F|  |TAMS 0x0000000087400000, 0x0000000087400000| Untracked 
| 107|0x0000000087500000, 0x0000000087500000, 0x0000000087600000|  0%| F|  |TAMS 0x0000000087500000, 0x0000000087500000| Untracked 
| 108|0x0000000087600000, 0x0000000087600000, 0x0000000087700000|  0%| F|  |TAMS 0x0000000087600000, 0x0000000087600000| Untracked 
| 109|0x0000000087700000, 0x0000000087700000, 0x0000000087800000|  0%| F|  |TAMS 0x0000000087700000, 0x0000000087700000| Untracked 
| 110|0x0000000087800000, 0x0000000087800000, 0x0000000087900000|  0%| F|  |TAMS 0x0000000087800000, 0x0000000087800000| Untracked 
| 111|0x0000000087900000, 0x0000000087900000, 0x0000000087a00000|  0%| F|  |TAMS 0x0000000087900000, 0x0000000087900000| Untracked 
| 112|0x0000000087a00000, 0x0000000087a00000, 0x0000000087b00000|  0%| F|  |TAMS 0x0000000087a00000, 0x0000000087a00000| Untracked 
| 113|0x0000000087b00000, 0x0000000087b00000, 0x0000000087c00000|  0%| F|  |TAMS 0x0000000087b00000, 0x0000000087b00000| Untracked 
| 114|0x0000000087c00000, 0x0000000087c00000, 0x0000000087d00000|  0%| F|  |TAMS 0x0000000087c00000, 0x0000000087c00000| Untracked 
| 115|0x0000000087d00000, 0x0000000087d00000, 0x0000000087e00000|  0%| F|  |TAMS 0x0000000087d00000, 0x0000000087d00000| Untracked 
| 116|0x0000000087e00000, 0x0000000087e00000, 0x0000000087f00000|  0%| F|  |TAMS 0x0000000087e00000, 0x0000000087e00000| Untracked 
| 117|0x0000000087f00000, 0x0000000087f00000, 0x0000000088000000|  0%| F|  |TAMS 0x0000000087f00000, 0x0000000087f00000| Untracked 
| 118|0x0000000088000000, 0x0000000088000000, 0x0000000088100000|  0%| F|  |TAMS 0x0000000088000000, 0x0000000088000000| Untracked 
| 119|0x0000000088100000, 0x0000000088100000, 0x0000000088200000|  0%| F|  |TAMS 0x0000000088100000, 0x0000000088100000| Untracked 
| 120|0x0000000088200000, 0x0000000088200028, 0x0000000088300000|  0%| E|  |TAMS 0x0000000088200000, 0x0000000088200000| Complete 
| 121|0x0000000088300000, 0x0000000088400000, 0x0000000088400000|100%| E|CS|TAMS 0x0000000088300000, 0x0000000088300000| Complete 
| 122|0x0000000088400000, 0x0000000088500000, 0x0000000088500000|100%| E|CS|TAMS 0x0000000088400000, 0x0000000088400000| Complete 
| 123|0x0000000088500000, 0x0000000088600000, 0x0000000088600000|100%| E|CS|TAMS 0x0000000088500000, 0x0000000088500000| Complete 
| 124|0x0000000088600000, 0x0000000088700000, 0x0000000088700000|100%| E|CS|TAMS 0x0000000088600000, 0x0000000088600000| Complete 
| 125|0x0000000088700000, 0x0000000088800000, 0x0000000088800000|100%| E|CS|TAMS 0x0000000088700000, 0x0000000088700000| Complete 
| 126|0x0000000088800000, 0x0000000088900000, 0x0000000088900000|100%| E|CS|TAMS 0x0000000088800000, 0x0000000088800000| Complete 
| 127|0x0000000088900000, 0x0000000088a00000, 0x0000000088a00000|100%| E|CS|TAMS 0x0000000088900000, 0x0000000088900000| Complete 

Card table byte_map: [0x0000013bc4060000,0x0000013bc4460000] _byte_map_base: 0x0000013bc3c5b000

Marking Bits (Prev, Next): (CMBitMap*) 0x0000013bac896dd8, (CMBitMap*) 0x0000013bac896e18
 Prev Bits: [0x0000013bc4860000, 0x0000013bc6838000)
 Next Bits: [0x0000013bc6840000, 0x0000013bc8818000)

Polling page: 0x0000013baa850000

Metaspace:

Usage:
  Non-class:      5.86 MB capacity,     5.72 MB ( 98%) used,   117.45 KB (  2%) free+waste,    23.69 KB ( <1%) overhead. 
      Class:    910.00 KB capacity,   746.08 KB ( 82%) used,   148.73 KB ( 16%) free+waste,    15.19 KB (  2%) overhead. 
       Both:      6.75 MB capacity,     6.45 MB ( 96%) used,   266.19 KB (  4%) free+waste,    38.88 KB ( <1%) overhead. 

Virtual space:
  Non-class space:        8.00 MB reserved,       6.00 MB ( 75%) committed 
      Class space:        1.00 GB reserved,       1.00 MB ( <1%) committed 
             Both:        1.01 GB reserved,       7.00 MB ( <1%) committed 

Chunk freelists:
   Non-Class:  1.88 KB
       Class:  2.25 KB
        Both:  4.13 KB

CodeHeap 'non-profiled nmethods': size=120064Kb used=242Kb max_used=242Kb free=119821Kb
 bounds [0x0000013bbc720000, 0x0000013bbc990000, 0x0000013bc3c60000]
CodeHeap 'profiled nmethods': size=120000Kb used=1218Kb max_used=1218Kb free=118781Kb
 bounds [0x0000013bb51f0000, 0x0000013bb5460000, 0x0000013bbc720000]
CodeHeap 'non-nmethods': size=5696Kb used=1199Kb max_used=1221Kb free=4496Kb
 bounds [0x0000013bb4c60000, 0x0000013bb4ed0000, 0x0000013bb51f0000]
 total_blobs=1396 nmethods=742 adapters=457
 compilation: enabled
              stopped_count=0, restarted_count=0
 full_count=0

Compilation events (10 events):
Event: 2148.590 Thread 0x0000013bcad10800  738       3       java.util.Arrays::binarySearch0 (95 bytes)
Event: 2148.591 Thread 0x0000013bcad10800 nmethod 738 0x0000013bb531e910 code [0x0000013bb531eb00, 0x0000013bb531ef60]
Event: 2148.591 Thread 0x0000013bcad10800  739       3       sun.java2d.loops.GraphicsPrimitiveMgr::locate (104 bytes)
Event: 2148.591 Thread 0x0000013bcad10800 nmethod 739 0x0000013bb531f110 code [0x0000013bb531f380, 0x0000013bb531ff00]
Event: 2148.591 Thread 0x0000013bcad10800  740       3       java.util.Arrays::binarySearch (10 bytes)
Event: 2148.591 Thread 0x0000013bcad10800 nmethod 740 0x0000013bb5320190 code [0x0000013bb5320360, 0x0000013bb53204f0]
Event: 2148.592 Thread 0x0000013bcad10800  741       3       java.util.ArrayList::elementData (7 bytes)
Event: 2148.592 Thread 0x0000013bcad10800 nmethod 741 0x0000013bb5320610 code [0x0000013bb53207c0, 0x0000013bb5320978]
Event: 2148.592 Thread 0x0000013bcad10800  742       1       java.awt.Component::getObjectLock (5 bytes)
Event: 2148.592 Thread 0x0000013bcad10800 nmethod 742 0x0000013bbc75c590 code [0x0000013bbc75c740, 0x0000013bbc75c878]

GC Heap History (0 events):
No events

Deoptimization events (8 events):
Event: 0.074 Thread 0x0000013bac858800 Uncommon trap: reason=unstable_if action=reinterpret pc=0x0000013bbc7247a4 method=java.lang.String.hashCode()I @ 14 c2
Event: 0.116 Thread 0x0000013bac858800 Uncommon trap: reason=range_check action=reinterpret pc=0x0000013bbc732818 method=java.lang.StringLatin1.indexOf([BII)I @ 13 c2
Event: 0.294 Thread 0x0000013bac858800 Uncommon trap: reason=unstable_if action=reinterpret pc=0x0000013bbc738ed8 method=java.lang.String.equals(Ljava/lang/Object;)Z @ 27 c2
Event: 0.294 Thread 0x0000013bac858800 Uncommon trap: reason=unstable_if action=reinterpret pc=0x0000013bbc727b20 method=java.lang.String.isLatin1()Z @ 10 c2
Event: 0.295 Thread 0x0000013bac858800 Uncommon trap: reason=unstable_if action=reinterpret pc=0x0000013bbc727388 method=java.lang.String.isLatin1()Z @ 10 c2
Event: 255.738 Thread 0x0000013bcc208000 Uncommon trap: reason=intrinsic_or_type_checked_inlining action=make_not_entrant pc=0x0000013bbc759ef8 method=java.util.Arrays.copyOf([Ljava/lang/Object;ILjava/lang/Class;)[Ljava/lang/Object; @ 35 c2
Event: 530.842 Thread 0x0000013bcc208000 Uncommon trap: reason=class_check action=make_not_entrant pc=0x0000013bbc75b260 method=java.util.ArrayList.toArray([Ljava/lang/Object;)[Ljava/lang/Object; @ 21 c2
Event: 2148.675 Thread 0x0000013bcc208000 Uncommon trap: reason=unstable_if action=reinterpret pc=0x0000013bbc75bb48 method=java.util.ArrayList.toArray([Ljava/lang/Object;)[Ljava/lang/Object; @ 6 c2

Classes redefined (0 events):
No events

Internal exceptions (10 events):
Event: 0.163 Thread 0x0000013bcba00800 Exception <a 'java/lang/NoSuchMethodError'{0x0000000088794c08}: java.lang.invoke.DirectMethodHandle$Holder.invokeSpecial(Ljava/lang/Object;Ljava/lang/Object;)V> (0x0000000088794c08) thrown at [t:/workspace/open/src/hotspot/share/interpreter/linkResolver.c
Event: 0.166 Thread 0x0000013bac858800 Exception <a 'java/lang/NoSuchMethodError'{0x00000000887669f0}: java.lang.invoke.DirectMethodHandle$Holder.invokeStatic(Ljava/lang/Object;Ljava/lang/Object;Ljava/lang/Object;Ljava/lang/Object;Ljava/lang/Object;Ljava/lang/Object;Ljava/lang/Object;J)Ljava/l
Event: 0.262 Thread 0x0000013bac858800 Exception <a 'java/lang/NoSuchMethodError'{0x000000008865d1c8}: java.lang.invoke.DirectMethodHandle$Holder.invokeStatic(Ljava/lang/Object;ILjava/lang/Object;Ljava/lang/Object;Ljava/lang/Object;Ljava/lang/Object;)Ljava/lang/Object;> (0x000000008865d1c8) th
Event: 0.262 Thread 0x0000013bac858800 Exception <a 'java/lang/NoSuchMethodError'{0x0000000088663de8}: java.lang.invoke.DirectMethodHandle$Holder.invokeStatic(Ljava/lang/Object;ILjava/lang/Object;Ljava/lang/Object;Ljava/lang/Object;)Ljava/lang/Object;> (0x0000000088663de8) thrown at [t:/worksp
Event: 0.263 Thread 0x0000013bac858800 Exception <a 'java/lang/NoSuchMethodError'{0x0000000088667640}: java.lang.invoke.DirectMethodHandle$Holder.invokeSpecial(Ljava/lang/Object;Ljava/lang/Object;ILjava/lang/Object;Ljava/lang/Object;Ljava/lang/Object;)Ljava/lang/Object;> (0x0000000088667640) t
Event: 0.283 Thread 0x0000013bac858800 Exception <a 'java/lang/ClassNotFoundException'{0x0000000088526a80}: com/sun/swing/internal/plaf/metal/resources/spi/metalProvider> (0x0000000088526a80) thrown at [t:/workspace/open/src/hotspot/share/classfile/systemDictionary.cpp, line 235]
Event: 0.284 Thread 0x0000013bac858800 Exception <a 'java/lang/ClassNotFoundException'{0x000000008852b040}: com/sun/swing/internal/plaf/basic/resources/spi/basicProvider> (0x000000008852b040) thrown at [t:/workspace/open/src/hotspot/share/classfile/systemDictionary.cpp, line 235]
Event: 0.316 Thread 0x0000013bac858800 Exception <a 'java/lang/NoSuchMethodError'{0x000000008857dab8}: java.lang.invoke.DirectMethodHandle$Holder.invokeStaticInit(Ljava/lang/Object;)V> (0x000000008857dab8) thrown at [t:/workspace/open/src/hotspot/share/interpreter/linkResolver.cpp, line 777]
Event: 0.345 Thread 0x0000013bac858800 Exception <a 'java/lang/NoSuchMethodError'{0x0000000088454cf8}: java.lang.invoke.Invokers$Holder.linkToTargetMethod(Ljava/lang/Object;ILjava/lang/Object;)Ljava/lang/Object;> (0x0000000088454cf8) thrown at [t:/workspace/open/src/hotspot/share/interpreter/l
Event: 2148.583 Thread 0x0000013bcb9b7000 Exception <a 'java/lang/NoSuchMethodError'{0x000000008830fe20}: java.lang.invoke.DirectMethodHandle$Holder.invokeVirtual(Ljava/lang/Object;Ljava/lang/Object;)V> (0x000000008830fe20) thrown at [t:/workspace/open/src/hotspot/share/interpreter/linkResolver.c

Events (10 events):
Event: 2148.592 Executing VM operation: RevokeBias
Event: 2148.592 Executing VM operation: RevokeBias done
Event: 2148.592 Executing VM operation: RevokeBias
Event: 2148.592 Executing VM operation: RevokeBias done
Event: 2148.592 Executing VM operation: RevokeBias
Event: 2148.592 Executing VM operation: RevokeBias done
Event: 2148.592 Executing VM operation: RevokeBias
Event: 2148.592 Executing VM operation: RevokeBias done
Event: 2148.675 Thread 0x0000013bcc208000 Uncommon trap: trap_request=0xffffff4d fr.pc=0x0000013bbc75bb48 relative=0x0000000000000408
Event: 2148.675 Thread 0x0000013bcc208000 DEOPT PACKING pc=0x0000013bbc75bb48 sp=0x00000002cb3ff3a0


Dynamic libraries:
0x00007ff7342e0000 - 0x00007ff7342ef000 	C:\Program Files\Java\jdk-12.0.1\bin\javaw.exe
0x00007ffca00a0000 - 0x00007ffca0290000 	C:\WINDOWS\SYSTEM32\ntdll.dll
0x00007ffc9e4a0000 - 0x00007ffc9e552000 	C:\WINDOWS\System32\KERNEL32.DLL
0x00007ffc9d0d0000 - 0x00007ffc9d373000 	C:\WINDOWS\System32\KERNELBASE.dll
0x00007ffc9d570000 - 0x00007ffc9d66a000 	C:\WINDOWS\System32\ucrtbase.dll
0x00007ffc8c100000 - 0x00007ffc8c118000 	C:\Program Files\Java\jdk-12.0.1\bin\jli.dll
0x00007ffc91160000 - 0x00007ffc91176000 	C:\Program Files\Java\jdk-12.0.1\bin\VCRUNTIME140.dll
0x00007ffc9eb90000 - 0x00007ffc9ec33000 	C:\WINDOWS\System32\ADVAPI32.dll
0x00007ffc9e600000 - 0x00007ffc9e69e000 	C:\WINDOWS\System32\msvcrt.dll
0x00007ffc9e560000 - 0x00007ffc9e5f7000 	C:\WINDOWS\System32\sechost.dll
0x00007ffc9f7e0000 - 0x00007ffc9f900000 	C:\WINDOWS\System32\RPCRT4.dll
0x00007ffc9e150000 - 0x00007ffc9e2e4000 	C:\WINDOWS\System32\USER32.dll
0x00007ffc9d0a0000 - 0x00007ffc9d0c1000 	C:\WINDOWS\System32\win32u.dll
0x00007ffc9ea00000 - 0x00007ffc9ea26000 	C:\WINDOWS\System32\GDI32.dll
0x00007ffc8fc50000 - 0x00007ffc8fed5000 	C:\WINDOWS\WinSxS\amd64_microsoft.windows.common-controls_6595b64144ccf1df_6.0.18362.476_none_e6c4b11b130f2595\COMCTL32.dll
0x00007ffc9d720000 - 0x00007ffc9d8b4000 	C:\WINDOWS\System32\gdi32full.dll
0x00007ffc9f3e0000 - 0x00007ffc9f716000 	C:\WINDOWS\System32\combase.dll
0x00007ffc9d380000 - 0x00007ffc9d41e000 	C:\WINDOWS\System32\msvcp_win.dll
0x00007ffc9d6a0000 - 0x00007ffc9d720000 	C:\WINDOWS\System32\bcryptPrimitives.dll
0x00007ffc97000000 - 0x00007ffc9700a000 	C:\WINDOWS\SYSTEM32\VERSION.dll
0x00007ffc9fd70000 - 0x00007ffc9fd9e000 	C:\WINDOWS\System32\IMM32.DLL
0x00007ffc84a90000 - 0x00007ffc84b3a000 	C:\Program Files\Java\jdk-12.0.1\bin\msvcp140.dll
0x00007ffc55d60000 - 0x00007ffc568d4000 	C:\Program Files\Java\jdk-12.0.1\bin\server\jvm.dll
0x00007ffc9f790000 - 0x00007ffc9f798000 	C:\WINDOWS\System32\PSAPI.DLL
0x00007ffc95030000 - 0x00007ffc95039000 	C:\WINDOWS\SYSTEM32\WSOCK32.dll
0x00007ffc9afa0000 - 0x00007ffc9afc4000 	C:\WINDOWS\SYSTEM32\WINMM.dll
0x00007ffc9f720000 - 0x00007ffc9f78f000 	C:\WINDOWS\System32\WS2_32.dll
0x00007ffc9ab20000 - 0x00007ffc9ab4d000 	C:\WINDOWS\SYSTEM32\WINMMBASE.dll
0x00007ffc9d050000 - 0x00007ffc9d09a000 	C:\WINDOWS\System32\cfgmgr32.dll
0x00007ffc9cf80000 - 0x00007ffc9cf91000 	C:\WINDOWS\System32\kernel.appcore.dll
0x00007ffc8d030000 - 0x00007ffc8d041000 	C:\Program Files\Java\jdk-12.0.1\bin\verify.dll
0x00007ffc8ed30000 - 0x00007ffc8ef24000 	C:\WINDOWS\SYSTEM32\DBGHELP.DLL
0x00007ffc8cc50000 - 0x00007ffc8cc7a000 	C:\WINDOWS\SYSTEM32\dbgcore.DLL
0x00007ffc82670000 - 0x00007ffc82696000 	C:\Program Files\Java\jdk-12.0.1\bin\java.dll
0x00007ffc847b0000 - 0x00007ffc847c7000 	C:\Program Files\Java\jdk-12.0.1\bin\zip.dll
0x00007ffc8e830000 - 0x00007ffc8e83a000 	C:\Program Files\Java\jdk-12.0.1\bin\jimage.dll
0x00007ffc9ecf0000 - 0x00007ffc9f3d5000 	C:\WINDOWS\System32\SHELL32.dll
0x00007ffc9ec40000 - 0x00007ffc9ece9000 	C:\WINDOWS\System32\shcore.dll
0x00007ffc9d970000 - 0x00007ffc9e0ee000 	C:\WINDOWS\System32\windows.storage.dll
0x00007ffc9cfc0000 - 0x00007ffc9cfdf000 	C:\WINDOWS\System32\profapi.dll
0x00007ffc9cfe0000 - 0x00007ffc9d02a000 	C:\WINDOWS\System32\powrprof.dll
0x00007ffc9cf70000 - 0x00007ffc9cf80000 	C:\WINDOWS\System32\UMPDC.dll
0x00007ffca0000000 - 0x00007ffca0052000 	C:\WINDOWS\System32\shlwapi.dll
0x00007ffc9d030000 - 0x00007ffc9d047000 	C:\WINDOWS\System32\cryptsp.dll
0x00007ffc60050000 - 0x00007ffc601ef000 	C:\Program Files\Java\jdk-12.0.1\bin\awt.dll
0x00007ffc9ff30000 - 0x00007ffc9fff4000 	C:\WINDOWS\System32\OLEAUT32.dll
0x00007ffc99c70000 - 0x00007ffc9a230000 	C:\WINDOWS\SYSTEM32\d2d1.dll
0x00007ffc9b200000 - 0x00007ffc9b28f000 	C:\WINDOWS\SYSTEM32\apphelp.dll
0x00007ffc9b710000 - 0x00007ffc9b73d000 	C:\WINDOWS\system32\DWMAPI.DLL
0x00007ffc9b2f0000 - 0x00007ffc9b389000 	C:\WINDOWS\system32\uxtheme.dll
0x00007ffc77f10000 - 0x00007ffc78066000 	C:\WINDOWS\system32\opengl32.dll
0x00007ffc7a570000 - 0x00007ffc7a59c000 	C:\WINDOWS\SYSTEM32\GLU32.dll
0x00007ffc9bbe0000 - 0x00007ffc9bc00000 	C:\WINDOWS\SYSTEM32\dxcore.dll
0x00007ffc9e6a0000 - 0x00007ffc9e7d6000 	C:\WINDOWS\System32\MSCTF.dll
0x00007ffc9ea30000 - 0x00007ffc9eb86000 	C:\WINDOWS\System32\ole32.dll
0x00007ffc78220000 - 0x00007ffc783e7000 	C:\WINDOWS\system32\d3d9.dll
0x00007ffc97010000 - 0x00007ffc971ed000 	C:\WINDOWS\System32\DriverStore\FileRepository\c0346830.inf_amd64_f723e13ffb3b2652\B345901\aticfx64.dll
0x00007ffc6f7b0000 - 0x00007ffc6f7e0000 	C:\WINDOWS\System32\DriverStore\FileRepository\c0346830.inf_amd64_f723e13ffb3b2652\B345901\atiu9p64.dll
0x00007ffc6a930000 - 0x00007ffc6b5fe000 	C:\WINDOWS\System32\DriverStore\FileRepository\c0346830.inf_amd64_f723e13ffb3b2652\B345901\atiumd64.dll
0x0000000061010000 - 0x0000000061da4000 	C:\WINDOWS\System32\DriverStore\FileRepository\c0346830.inf_amd64_f723e13ffb3b2652\B345901\atiumd6a.dll
0x00007ffc95d80000 - 0x00007ffc95dab000 	C:\WINDOWS\SYSTEM32\amdihk64.dll
0x00007ffc7c3f0000 - 0x00007ffc7c470000 	C:\Program Files\Java\jdk-12.0.1\bin\freetype.dll
0x00007ffc7c380000 - 0x00007ffc7c3ef000 	C:\Program Files\Java\jdk-12.0.1\bin\fontmanager.dll
0x00007ffc94c20000 - 0x00007ffc94cbe000 	C:\WINDOWS\System32\TextInputFramework.dll
0x00007ffc9aec0000 - 0x00007ffc9af94000 	C:\WINDOWS\System32\CoreMessaging.dll
0x00007ffc99060000 - 0x00007ffc9938a000 	C:\WINDOWS\System32\CoreUIComponents.dll
0x00007ffc9c0e0000 - 0x00007ffc9c111000 	C:\WINDOWS\SYSTEM32\ntmarta.dll
0x00007ffc98f00000 - 0x00007ffc99053000 	C:\WINDOWS\SYSTEM32\wintypes.dll
0x00007ffc82650000 - 0x00007ffc82669000 	C:\Program Files\Java\jdk-12.0.1\bin\net.dll
0x00007ffc92c10000 - 0x00007ffc92d00000 	C:\WINDOWS\SYSTEM32\WINHTTP.dll
0x00007ffc946d0000 - 0x00007ffc948a6000 	C:\WINDOWS\SYSTEM32\urlmon.dll
0x00007ffc930d0000 - 0x00007ffc93376000 	C:\WINDOWS\SYSTEM32\iertutil.dll
0x00007ffc9c9b0000 - 0x00007ffc9c9bc000 	C:\WINDOWS\SYSTEM32\CRYPTBASE.DLL
0x00007ffc9c7e0000 - 0x00007ffc9c847000 	C:\WINDOWS\system32\mswsock.dll
0x00007ffc7c160000 - 0x00007ffc7c173000 	C:\Program Files\Java\jdk-12.0.1\bin\nio.dll
0x00007ffc9e860000 - 0x00007ffc9e902000 	C:\WINDOWS\System32\clbcatq.dll

dbghelp: loaded successfully - version: 4.0.5 - missing functions: none
symbol engine: initialized successfully - sym options: 0x614 - pdb path: .;C:\Program Files\Java\jdk-12.0.1\bin;C:\WINDOWS\SYSTEM32;C:\WINDOWS\WinSxS\amd64_microsoft.windows.common-controls_6595b64144ccf1df_6.0.18362.476_none_e6c4b11b130f2595;C:\Program Files\Java\jdk-12.0.1\bin\server;C:\WINDOWS\System32\DriverStore\FileRepository\c0346830.inf_amd64_f723e13ffb3b2652\B345901

VM Arguments:
jvm_args: -Dfile.encoding=Cp1253 
java_command: Swing.Example
java_class_path (initial): C:\Users\Aleksandros\eclipse-workspace-09\Project_1\bin
Launcher Type: SUN_STANDARD


[error occurred during error reporting (printing flags), id 0xe0000001, Out of Memory Error (t:/workspace/open/src/hotspot/share/memory/allocation.cpp:46)]

Logging:
Log output configuration:
 #0: stdout all=warning uptime,level,tags
 #1: stderr all=off uptime,level,tags

Environment Variables:
PATH=C:/Program Files/Java/jdk-12.0.1/bin/server;C:/Program Files/Java/jdk-12.0.1/bin;C:\WINDOWS\system32;C:\WINDOWS;C:\WINDOWS\System32\Wbem;C:\WINDOWS\System32\WindowsPowerShell\v1.0\;C:\WINDOWS\System32\OpenSSH\;C:\Program Files\Common Files\Autodesk Shared\;C:\Program Files (x86)\Autodesk\Backburner\;C:\Program Files (x86)\AOMEI Backupper;"C:\Users\Aleksandros\AppData\Local\Microsoft\WindowsApps;C:\Program Files\Java\jdk-12.0.1\bin;";;C:\Users\Aleksandros\AppData\Local\Microsoft\WindowsApps;D:\Program Files\Nmap;C:\Users\Aleksandros\Desktop;
USERNAME=Aleksandros
OS=Windows_NT
PROCESSOR_IDENTIFIER=AMD64 Family 23 Model 1 Stepping 1, AuthenticAMD



---------------  S Y S T E M  ---------------

OS: Windows 10 , 64 bit Build 18362 (10.0.18362.329)

CPU:total 4 (initial active 4) (4 cores per cpu, 1 threads per core) family 23 model 1 stepping 1, cmov, cx8, fxsr, mmx, sse, sse2, sse3, ssse3, sse4.1, sse4.2, popcnt, avx, avx2, aes, clmul, mmxext, 3dnowpref, lzcnt, sse4a, tsc, tscinvbit, tscinv, bmi1, bmi2, adx, sha, fma

Memory: 4k page, system-wide physical 8144M (1584M free)
TotalPageFile size 19317M (AvailPageFile size 0M)
current process WorkingSet (physical memory assigned to process): 43M, peak: 80M
current process commit charge ("private bytes"): 229M, peak: 243M

vm_info: Java HotSpot(TM) 64-Bit Server VM (12.0.1+12) for windows-amd64 JRE (12.0.1+12), built on Apr  2 2019 14:02:19 by "mach5one" with MS VC++ 15.5 (VS2017)

END.
