#
# There is insufficient memory for the Java Runtime Environment to continue.
# Native memory allocation (malloc) failed to allocate 1048576 bytes for AllocateHeap
# Possible reasons:
#   The system is out of physical RAM or swap space
#   In 32 bit mode, the process size limit was hit
# Possible solutions:
#   Reduce memory load on the system
#   Increase physical memory or swap space
#   Check if swap backing store is full
#   Use 64 bit Java on a 64 bit OS
#   Decrease Java heap size (-Xmx/-Xms)
#   Decrease number of Java threads
#   Decrease Java thread stack sizes (-Xss)
#   Set larger code cache with -XX:ReservedCodeCacheSize=
# This output file may be truncated or incomplete.
#
#  Out of Memory Error (memory/allocation.inline.hpp:61), pid=2704, tid=0x0000000000002770
#
# JRE version:  (8.0_171-b11) (build )
# Java VM: Java HotSpot(TM) 64-Bit Server VM (25.171-b11 mixed mode windows-amd64 compressed oops)
# Failed to write core dump. Minidumps are not enabled by default on client versions of Windows
#

---------------  T H R E A D  ---------------

Current thread (0x00000000026be800):  JavaThread "Unknown thread" [_thread_in_vm, id=10096, stack(0x00000000027b0000,0x00000000028b0000)]

Stack: [0x00000000027b0000,0x00000000028b0000]
[error occurred during error reporting (printing stack bounds), id 0xc0000005]

Native frames: (J=compiled Java code, j=interpreted, Vv=VM code, C=native code)


---------------  P R O C E S S  ---------------

Java Threads: ( => current thread )

Other Threads:

=>0x00000000026be800 (exited) JavaThread "Unknown thread" [_thread_in_vm, id=10096, stack(0x00000000027b0000,0x00000000028b0000)]

VM state:not at safepoint (normal execution)

VM Mutex/Monitor currently owned by a thread: None

Heap:
 PSYoungGen      total 18944K, used 327K [0x00000000eae00000, 0x00000000ec300000, 0x0000000100000000)
  eden space 16384K, 2% used [0x00000000eae00000,0x00000000eae51ec8,0x00000000ebe00000)
  from space 2560K, 0% used [0x00000000ec080000,0x00000000ec080000,0x00000000ec300000)
  to   space 2560K, 0% used [0x00000000ebe00000,0x00000000ebe00000,0x00000000ec080000)
 ParOldGen       total 44032K, used 0K [0x00000000c0a00000, 0x00000000c3500000, 0x00000000eae00000)
  object space 44032K, 0% used [0x00000000c0a00000,0x00000000c0a00000,0x00000000c3500000)
 Metaspace       used 750K, capacity 4480K, committed 4480K, reserved 1056768K
  class space    used 76K, capacity 384K, committed 384K, reserved 1048576K

Card table byte_map: [0x0000000011d70000,0x0000000011f70000] byte_map_base: 0x000000001176b000

Marking Bits: (ParMarkBitMap*) 0x0000000059a708c0
 Begin Bits: [0x00000000124d0000, 0x00000000134a8000)
 End Bits:   [0x00000000134a8000, 0x0000000014480000)

Polling page: 0x0000000000cb0000

CodeCache: size=245760Kb used=327Kb max_used=327Kb free=245432Kb
 bounds [0x00000000029b0000, 0x0000000002c20000, 0x00000000119b0000]
 total_blobs=57 nmethods=0 adapters=38
 compilation: enabled

Compilation events (0 events):
No events

GC Heap History (0 events):
No events

Deoptimization events (0 events):
No events

Classes redefined (0 events):
No events

Internal exceptions (0 events):
No events

Events (10 events):
Event: 0.022 loading class java/lang/Short
Event: 0.022 loading class java/lang/Short done
Event: 0.022 loading class java/lang/Integer
Event: 0.023 loading class java/lang/Integer done
Event: 0.023 loading class java/lang/Long
Event: 0.023 loading class java/lang/Long done
Event: 0.023 loading class java/lang/NullPointerException
Event: 0.023 loading class java/lang/NullPointerException done
Event: 0.023 loading class java/lang/ArithmeticException
Event: 0.023 loading class java/lang/ArithmeticException done


Dynamic libraries:
0x00007ff6b2a70000 - 0x00007ff6b2aa7000 	C:\Program Files\Java\jre1.8.0_171\bin\javaw.exe
0x00007ffea6910000 - 0x00007ffea6af1000 	C:\WINDOWS\SYSTEM32\ntdll.dll
0x00007ffea5ff0000 - 0x00007ffea60a2000 	C:\WINDOWS\System32\KERNEL32.DLL
0x00007ffea2ec0000 - 0x00007ffea3133000 	C:\WINDOWS\System32\KERNELBASE.dll
0x00007ffea5a20000 - 0x00007ffea5ac1000 	C:\WINDOWS\System32\ADVAPI32.dll
0x00007ffea6580000 - 0x00007ffea661e000 	C:\WINDOWS\System32\msvcrt.dll
0x00007ffea3ef0000 - 0x00007ffea3f4b000 	C:\WINDOWS\System32\sechost.dll
0x00007ffea5890000 - 0x00007ffea59b4000 	C:\WINDOWS\System32\RPCRT4.dll
0x00007ffea6330000 - 0x00007ffea64c0000 	C:\WINDOWS\System32\USER32.dll
0x00007ffea3c80000 - 0x00007ffea3ca0000 	C:\WINDOWS\System32\win32u.dll
0x00007ffea3f50000 - 0x00007ffea3f78000 	C:\WINDOWS\System32\GDI32.dll
0x00007ffea3ae0000 - 0x00007ffea3c72000 	C:\WINDOWS\System32\gdi32full.dll
0x00007ffea3140000 - 0x00007ffea31df000 	C:\WINDOWS\System32\msvcp_win.dll
0x00007ffea3ca0000 - 0x00007ffea3d9a000 	C:\WINDOWS\System32\ucrtbase.dll
0x00007ffe979b0000 - 0x00007ffe97c19000 	C:\WINDOWS\WinSxS\amd64_microsoft.windows.common-controls_6595b64144ccf1df_6.0.17134.471_none_fb3e9aab3068fc16\COMCTL32.dll
0x00007ffea4120000 - 0x00007ffea4442000 	C:\WINDOWS\System32\combase.dll
0x00007ffea2ce0000 - 0x00007ffea2d5a000 	C:\WINDOWS\System32\bcryptPrimitives.dll
0x00007ffea64e0000 - 0x00007ffea650d000 	C:\WINDOWS\System32\IMM32.DLL
0x0000000059af0000 - 0x0000000059bc2000 	C:\Program Files\Java\jre1.8.0_171\bin\msvcr100.dll
0x0000000059250000 - 0x0000000059af0000 	C:\Program Files\Java\jre1.8.0_171\bin\server\jvm.dll
0x00007ffea6620000 - 0x00007ffea6628000 	C:\WINDOWS\System32\PSAPI.DLL
0x00007ffea0aa0000 - 0x00007ffea0ac3000 	C:\WINDOWS\SYSTEM32\WINMM.dll
0x00007ffe9d520000 - 0x00007ffe9d52a000 	C:\WINDOWS\SYSTEM32\VERSION.dll
0x00007ffe8fbd0000 - 0x00007ffe8fbd9000 	C:\WINDOWS\SYSTEM32\WSOCK32.dll
0x00007ffea60b0000 - 0x00007ffea611c000 	C:\WINDOWS\System32\WS2_32.dll
0x00007ffea0650000 - 0x00007ffea067a000 	C:\WINDOWS\SYSTEM32\winmmbase.dll
0x00007ffea2dc0000 - 0x00007ffea2e09000 	C:\WINDOWS\System32\cfgmgr32.dll
0x0000000059240000 - 0x000000005924f000 	C:\Program Files\Java\jre1.8.0_171\bin\verify.dll
0x0000000059210000 - 0x0000000059239000 	C:\Program Files\Java\jre1.8.0_171\bin\java.dll
0x00000000591f0000 - 0x0000000059206000 	C:\Program Files\Java\jre1.8.0_171\bin\zip.dll

VM Arguments:
jvm_args: -Dfile.encoding=UTF-8 
java_command: CalculatorM.Numbers
java_class_path (initial): C:\Program Files\Java\jre1.8.0_171\lib\resources.jar;C:\Program Files\Java\jre1.8.0_171\lib\rt.jar;C:\Program Files\Java\jre1.8.0_171\lib\jsse.jar;C:\Program Files\Java\jre1.8.0_171\lib\jce.jar;C:\Program Files\Java\jre1.8.0_171\lib\charsets.jar;C:\Program Files\Java\jre1.8.0_171\lib\jfr.jar;C:\Program Files\Java\jre1.8.0_171\lib\ext\access-bridge-64.jar;C:\Program Files\Java\jre1.8.0_171\lib\ext\cldrdata.jar;C:\Program Files\Java\jre1.8.0_171\lib\ext\dnsns.jar;C:\Program Files\Java\jre1.8.0_171\lib\ext\jaccess.jar;C:\Program Files\Java\jre1.8.0_171\lib\ext\jfxrt.jar;C:\Program Files\Java\jre1.8.0_171\lib\ext\localedata.jar;C:\Program Files\Java\jre1.8.0_171\lib\ext\nashorn.jar;C:\Program Files\Java\jre1.8.0_171\lib\ext\sunec.jar;C:\Program Files\Java\jre1.8.0_171\lib\ext\sunjce_provider.jar;C:\Program Files\Java\jre1.8.0_171\lib\ext\sunmscapi.jar;C:\Program Files\Java\jre1.8.0_171\lib\ext\sunpkcs11.jar;C:\Program Files\Java\jre1.8.0_171\lib\ext\zipfs.jar;D:\Program Files\Java Projects\Project_1\bin
Launcher Type: SUN_STANDARD

Environment Variables:
PATH=C:/Program Files/Java/jre1.8.0_191/bin/server;C:/Program Files/Java/jre1.8.0_191/bin;C:/Program Files/Java/jre1.8.0_191/lib/amd64;C:\Program Files (x86)\Common Files\Oracle\Java\javapath;C:\ProgramData\Oracle\Java\javapath;C:\WINDOWS\system32;C:\WINDOWS;C:\WINDOWS\System32\Wbem;C:\WINDOWS\System32\WindowsPowerShell\v1.0\;C:\Program Files\Common Files\Autodesk Shared\;C:\Program Files (x86)\Autodesk\Backburner\;C:\Program Files\Microsoft SQL Server\120\Tools\Binn\;C:\Program Files\Microsoft SQL Server\130\Tools\Binn\;C:\Program Files (x86)\Windows Kits\10\Windows Performance Toolkit\;D:\Program Files\Git_Extensions_Setup\Git\cmd;C:\WINDOWS\System32\OpenSSH\;D:\Program Files\Putty\;C:\Program Files\Java\jdk1.8.0_191\bin;C:\Users\Aleksandros\AppData\Local\Microsoft\WindowsApps;C:\Users\Aleksandros\AppData\Local\GitHubDesktop\bin;C:\Users\Aleksandros\Desktop;
USERNAME=Aleksandros
OS=Windows_NT
PROCESSOR_IDENTIFIER=AMD64 Family 23 Model 1 Stepping 1, AuthenticAMD



---------------  S Y S T E M  ---------------

OS: Windows 10.0 , 64 bit Build 17134 (10.0.17134.1)

CPU:total 4 (initial active 4) (4 cores per cpu, 1 threads per core) family 23 model 1 stepping 1, cmov, cx8, fxsr, mmx, sse, sse2, sse3, ssse3, sse4.1, sse4.2, popcnt, avx, avx2, aes, clmul, mmxext, 3dnowpref, lzcnt, sse4a, tsc, tscinvbit, tscinv, bmi1

Memory: 4k page, physical 4145948k(734508k free), swap 16728860k(5744k free)

vm_info: Java HotSpot(TM) 64-Bit Server VM (25.171-b11) for windows-amd64 JRE (1.8.0_171-b11), built on Mar 28 2018 16:06:12 by "java_re" with MS VC++ 10.0 (VS2010)

time: Wed Dec 19 19:00:25 2018
elapsed time: 0 seconds (0d 0h 0m 0s)

