#
# There is insufficient memory for the Java Runtime Environment to continue.
# Native memory allocation (malloc) failed to allocate 1048576 bytes for AllocateHeap
# Possible reasons:
#   The system is out of physical RAM or swap space
#   The process is running with CompressedOops enabled, and the Java Heap may be blocking the growth of the native heap
# Possible solutions:
#   Reduce memory load on the system
#   Increase physical memory or swap space
#   Check if swap backing store is full
#   Decrease Java heap size (-Xmx/-Xms)
#   Decrease number of Java threads
#

|  0%| F|  |TAMS 0x0000000086f00000, 0x0000000086f00000| Untracked 
| 102|0x0000000087000000, 0x0000000087000000, 0x0000000087100000|  0%| F|  |TAMS 0x0000000087000000, 0x0000000087000000| Untracked 
| 103|0x0000000087100000, 0x0000000087100000, 0x0000000087200000|  0%| F|  |TAMS 0x0000000087100000, 0x0000000087100000| Untracked 
| 104|0x0000000087200000, 0x0000000087200000, 0x0000000087300000|  0%| F|  |TAMS 0x0000000087200000, 0x0000000087200000| Untracked 
| 105|0x0000000087300000, 0x0000000087300000, 0x0000000087400000|  0%| F|  |TAMS 0x0000000087300000, 0x0000000087300000| Untracked 
| 106|0x0000000087400000, 0x0000000087400000, 0x0000000087500000|  0%| F|  |TAMS 0x0000000087400000, 0x0000000087400000| Untracked 
| 107|0x0000000087500000, 0x0000000087500000, 0x0000000087600000|  0%| F|  |TAMS 0x0000000087500000, 0x0000000087500000| Untracked 
| 108|0x0000000087600000, 0x0000000087600000, 0x0000000087700000|  0%| F|  |TAMS 0x0000000087600000, 0x0000000087600000| Untracked 
| 109|0x0000000087700000, 0x0000000087700000, 0x0000000087800000|  0%| F|  |TAMS 0x0000000087700000, 0x0000000087700000| Untracked 
| 110|0x0000000087800000, 0x0000000087800000, 0x0000000087900000|  0%| F|  |TAMS 0x0000000087800000, 0x0000000087800000| Untracked 
| 111|0x0000000087900000, 0x0000000087900000, 0x0000000087a00000|  0%| F|  |TAMS 0x0000000087900000, 0x0000000087900000| Untracked 
| 112|0x0000000087a00000, 0x0000000087a00000, 0x0000000087b00000|  0%| F|  |TAMS 0x0000000087a00000, 0x0000000087a00000| Untracked 
| 113|0x0000000087b00000, 0x0000000087b00000, 0x0000000087c00000|  0%| F|  |TAMS 0x0000000087b00000, 0x0000000087b00000| Untracked 
| 114|0x0000000087c00000, 0x0000000087c00000, 0x0000000087d00000|  0%| F|  |TAMS 0x0000000087c00000, 0x0000000087c00000| Untracked 
| 115|0x0000000087d00000, 0x0000000087d00000, 0x0000000087e00000|  0%| F|  |TAMS 0x0000000087d00000, 0x0000000087d00000| Untracked 
| 116|0x0000000087e00000, 0x0000000087e00000, 0x0000000087f00000|  0%| F|  |TAMS 0x0000000087e00000, 0x0000000087e00000| Untracked 
| 117|0x0000000087f00000, 0x0000000087f00000, 0x0000000088000000|  0%| F|  |TAMS 0x0000000087f00000, 0x0000000087f00000| Untracked 
| 118|0x0000000088000000, 0x0000000088000000, 0x0000000088100000|  0%| F|  |TAMS 0x0000000088000000, 0x0000000088000000| Untracked 
| 119|0x0000000088100000, 0x00000000881b0030, 0x0000000088200000| 68%| S|CS|TAMS 0x0000000088100000, 0x0000000088100000| Complete 
| 120|0x0000000088200000, 0x0000000088300000, 0x0000000088300000|100%| S|CS|TAMS 0x0000000088200000, 0x0000000088200000| Complete 
| 121|0x0000000088300000, 0x0000000088300000, 0x0000000088400000|  0%| F|  |TAMS 0x0000000088300000, 0x0000000088300000| Untracked 
| 122|0x0000000088400000, 0x0000000088400000, 0x0000000088500000|  0%| F|  |TAMS 0x0000000088400000, 0x0000000088400000| Untracked 
| 123|0x0000000088500000, 0x0000000088500000, 0x0000000088600000|  0%| F|  |TAMS 0x0000000088500000, 0x0000000088500000| Untracked 
| 124|0x0000000088600000, 0x0000000088600000, 0x0000000088700000|  0%| F|  |TAMS 0x0000000088600000, 0x0000000088600000| Untracked 
| 125|0x0000000088700000, 0x0000000088700000, 0x0000000088800000|  0%| F|  |TAMS 0x0000000088700000, 0x0000000088700000| Untracked 
| 126|0x0000000088800000, 0x0000000088800000, 0x0000000088900000|  0%| F|  |TAMS 0x0000000088800000, 0x0000000088800000| Untracked 
| 127|0x0000000088900000, 0x0000000088900000, 0x0000000088a00000|  0%| F|  |TAMS 0x0000000088900000, 0x0000000088900000| Untracked 

Card table byte_map: [0x000001c81b070000,0x000001c81b470000] _byte_map_base: 0x000001c81ac6b000

Marking Bits (Prev, Next): (CMBitMap*) 0x000001c8038a6878, (CMBitMap*) 0x000001c8038a68b8
 Prev Bits: [0x000001c81b870000, 0x000001c81d848000)
 Next Bits: [0x000001c81d850000, 0x000001c81f828000)

Polling page: 0x000001c803040000

Metaspace:

Usage:
  Non-class:      5.73 MB capacity,     5.63 MB ( 98%) used,    83.04 KB (  1%) free+waste,    23.50 KB ( <1%) overhead. 
      Class:    878.00 KB capacity,   747.93 KB ( 85%) used,   114.95 KB ( 13%) free+waste,    15.13 KB (  2%) overhead. 
       Both:      6.59 MB capacity,     6.36 MB ( 96%) used,   197.98 KB (  3%) free+waste,    38.63 KB ( <1%) overhead. 

Virtual space:
  Non-class space:        8.00 MB reserved,       5.75 MB ( 72%) committed 
      Class space:        1.00 GB reserved,     896.00 KB ( <1%) committed 
             Both:        1.01 GB reserved,       6.63 MB ( <1%) committed 

Chunk freelists:
   Non-Class:  2.00 KB
       Class:  2.25 KB
        Both:  4.25 KB

CodeHeap 'non-profiled nmethods': size=120064Kb used=219Kb max_used=219Kb free=119844Kb
 bounds [0x000001c813730000, 0x000001c8139a0000, 0x000001c81ac70000]
CodeHeap 'profiled nmethods': size=120000Kb used=1048Kb max_used=1048Kb free=118951Kb
 bounds [0x000001c80c200000, 0x000001c80c470000, 0x000001c813730000]
CodeHeap 'non-nmethods': size=5696Kb used=1198Kb max_used=1218Kb free=4497Kb
 bounds [0x000001c80bc70000, 0x000001c80bee0000, 0x000001c80c200000]
 total_blobs=1302 nmethods=652 adapters=457
 compilation: enabled
              stopped_count=0, restarted_count=0
 full_count=0

Compilation events (10 events):
Event: 532.001 Thread 0x000001c821d58800  647       4       java.util.ArrayList::toArray (57 bytes)
Event: 532.003 Thread 0x000001c821d58800 nmethod 647 0x000001c813765c10 code [0x000001c813765dc0, 0x000001c813766118]
Event: 539.716 Thread 0x000001c821d58800  648       4       sun.java2d.d3d.D3DSurfaceData$D3DWindowSurfaceData::isDirty (18 bytes)
Event: 539.717 Thread 0x000001c821d58800 nmethod 648 0x000001c813766290 code [0x000001c813766440, 0x000001c813766518]
Event: 544.924 Thread 0x000001c821d58800  649       4       java.util.ArrayList::toArray (57 bytes)
Event: 544.928 Thread 0x000001c821d58800 nmethod 649 0x000001c813766610 code [0x000001c8137667c0, 0x000001c813766c18]
Event: 2137.923 Thread 0x000001c822693000  650       3       java.lang.invoke.VarForm::getMemberName (21 bytes)
Event: 2137.923 Thread 0x000001c822693000 nmethod 650 0x000001c80c305890 code [0x000001c80c305a60, 0x000001c80c305cd0]
Event: 2138.048 Thread 0x000001c822693000  652       3       java.lang.Module::isNamed (13 bytes)
Event: 2138.048 Thread 0x000001c822693000 nmethod 652 0x000001c80c305e10 code [0x000001c80c305fc0, 0x000001c80c306198]

GC Heap History (2 events):
Event: 2138.055 GC heap before
{Heap before GC invocations=0 (full 0):
 garbage-first heap   total 131072K, used 7168K [0x0000000080a00000, 0x0000000100000000)
  region size 1024K, 7 young (7168K), 0 survivors (0K)
 Metaspace       used 6513K, capacity 6750K, committed 6784K, reserved 1056768K
  class space    used 747K, capacity 878K, committed 896K, reserved 1048576K
}
Event: 2138.065 GC heap after
{Heap after GC invocations=1 (full 0):
 garbage-first heap   total 131072K, used 2752K [0x0000000080a00000, 0x0000000100000000)
  region size 1024K, 2 young (2048K), 2 survivors (2048K)
 Metaspace       used 6513K, capacity 6750K, committed 6784K, reserved 1056768K
  class space    used 747K, capacity 878K, committed 896K, reserved 1048576K
}

Deoptimization events (6 events):
Event: 0.070 Thread 0x000001c803867800 Uncommon trap: reason=unstable_if action=reinterpret pc=0x000001c8137347a4 method=java.lang.String.hashCode()I @ 14 c2
Event: 0.112 Thread 0x000001c803867800 Uncommon trap: reason=range_check action=reinterpret pc=0x000001c813742318 method=java.lang.StringLatin1.indexOf([BII)I @ 13 c2
Event: 0.290 Thread 0x000001c803867800 Uncommon trap: reason=unstable_if action=reinterpret pc=0x000001c813748bd8 method=java.lang.String.equals(Ljava/lang/Object;)Z @ 27 c2
Event: 0.291 Thread 0x000001c803867800 Uncommon trap: reason=unstable_if action=reinterpret pc=0x000001c813737ba0 method=java.lang.String.isLatin1()Z @ 10 c2
Event: 257.271 Thread 0x000001c8231b1800 Uncommon trap: reason=intrinsic_or_type_checked_inlining action=make_not_entrant pc=0x000001c813764f78 method=java.util.Arrays.copyOf([Ljava/lang/Object;ILjava/lang/Class;)[Ljava/lang/Object; @ 35 c2
Event: 532.101 Thread 0x000001c8231b1800 Uncommon trap: reason=class_check action=make_not_entrant pc=0x000001c813765f60 method=java.util.ArrayList.toArray([Ljava/lang/Object;)[Ljava/lang/Object; @ 21 c2

Classes redefined (0 events):
No events

Internal exceptions (10 events):
Event: 0.164 Thread 0x000001c822a63800 Exception <a 'java/lang/NoSuchMethodError'{0x0000000088795008}: java.lang.invoke.DirectMethodHandle$Holder.invokeSpecial(Ljava/lang/Object;Ljava/lang/Object;)V> (0x0000000088795008) thrown at [t:/workspace/open/src/hotspot/share/interpreter/linkResolver.c
Event: 0.167 Thread 0x000001c803867800 Exception <a 'java/lang/NoSuchMethodError'{0x00000000887678e0}: java.lang.invoke.DirectMethodHandle$Holder.invokeStatic(Ljava/lang/Object;Ljava/lang/Object;Ljava/lang/Object;Ljava/lang/Object;Ljava/lang/Object;Ljava/lang/Object;Ljava/lang/Object;J)Ljava/l
Event: 0.258 Thread 0x000001c803867800 Exception <a 'java/lang/NoSuchMethodError'{0x000000008865e258}: java.lang.invoke.DirectMethodHandle$Holder.invokeStatic(Ljava/lang/Object;ILjava/lang/Object;Ljava/lang/Object;Ljava/lang/Object;Ljava/lang/Object;)Ljava/lang/Object;> (0x000000008865e258) th
Event: 0.259 Thread 0x000001c803867800 Exception <a 'java/lang/NoSuchMethodError'{0x0000000088664e78}: java.lang.invoke.DirectMethodHandle$Holder.invokeStatic(Ljava/lang/Object;ILjava/lang/Object;Ljava/lang/Object;Ljava/lang/Object;)Ljava/lang/Object;> (0x0000000088664e78) thrown at [t:/worksp
Event: 0.259 Thread 0x000001c803867800 Exception <a 'java/lang/NoSuchMethodError'{0x00000000886686d0}: java.lang.invoke.DirectMethodHandle$Holder.invokeSpecial(Ljava/lang/Object;Ljava/lang/Object;ILjava/lang/Object;Ljava/lang/Object;Ljava/lang/Object;)Ljava/lang/Object;> (0x00000000886686d0) t
Event: 0.280 Thread 0x000001c803867800 Exception <a 'java/lang/ClassNotFoundException'{0x0000000088527b48}: com/sun/swing/internal/plaf/metal/resources/spi/metalProvider> (0x0000000088527b48) thrown at [t:/workspace/open/src/hotspot/share/classfile/systemDictionary.cpp, line 235]
Event: 0.281 Thread 0x000001c803867800 Exception <a 'java/lang/ClassNotFoundException'{0x000000008852c108}: com/sun/swing/internal/plaf/basic/resources/spi/basicProvider> (0x000000008852c108) thrown at [t:/workspace/open/src/hotspot/share/classfile/systemDictionary.cpp, line 235]
Event: 0.311 Thread 0x000001c803867800 Exception <a 'java/lang/NoSuchMethodError'{0x000000008857eab8}: java.lang.invoke.DirectMethodHandle$Holder.invokeStaticInit(Ljava/lang/Object;)V> (0x000000008857eab8) thrown at [t:/workspace/open/src/hotspot/share/interpreter/linkResolver.cpp, line 777]
Event: 0.340 Thread 0x000001c803867800 Exception <a 'java/lang/NoSuchMethodError'{0x0000000088455598}: java.lang.invoke.Invokers$Holder.linkToTargetMethod(Ljava/lang/Object;ILjava/lang/Object;)Ljava/lang/Object;> (0x0000000088455598) thrown at [t:/workspace/open/src/hotspot/share/interpreter/l
Event: 2137.987 Thread 0x000001c823167000 Exception <a 'java/lang/NoSuchMethodError'{0x00000000885d1a20}: java.lang.invoke.DirectMethodHandle$Holder.invokeVirtual(Ljava/lang/Object;Ljava/lang/Object;)V> (0x00000000885d1a20) thrown at [t:/workspace/open/src/hotspot/share/interpreter/linkResolver.c

Events (10 events):
Event: 2138.054 loading class java/awt/image/WritableRenderedImage done
Event: 2138.054 loading class java/awt/image/BufferedImage done
Event: 2138.054 loading class java/awt/image/BufferedImage$1
Event: 2138.054 loading class java/awt/image/BufferedImage$1 done
Event: 2138.054 loading class sun/awt/image/BufImgSurfaceData
Event: 2138.054 loading class sun/awt/image/BufImgSurfaceData done
Event: 2138.054 loading class sun/awt/image/BufImgSurfaceData$ICMColorData
Event: 2138.054 loading class sun/awt/image/BufImgSurfaceData$ICMColorData done
Event: 2138.055 loading class sun/java2d/loops/RenderLoops
Event: 2138.055 Executing VM operation: CollectForMetadataAllocation


Dynamic libraries:
0x00007ff7342e0000 - 0x00007ff7342ef000 	C:\Program Files\Java\jdk-12.0.1\bin\javaw.exe
0x00007ffca00a0000 - 0x00007ffca0290000 	C:\WINDOWS\SYSTEM32\ntdll.dll
0x00007ffc9e4a0000 - 0x00007ffc9e552000 	C:\WINDOWS\System32\KERNEL32.DLL
0x00007ffc9d0d0000 - 0x00007ffc9d373000 	C:\WINDOWS\System32\KERNELBASE.dll
0x00007ffc9d570000 - 0x00007ffc9d66a000 	C:\WINDOWS\System32\ucrtbase.dll
0x00007ffc91160000 - 0x00007ffc91176000 	C:\Program Files\Java\jdk-12.0.1\bin\VCRUNTIME140.dll
0x00007ffc8c100000 - 0x00007ffc8c118000 	C:\Program Files\Java\jdk-12.0.1\bin\jli.dll
0x00007ffc9eb90000 - 0x00007ffc9ec33000 	C:\WINDOWS\System32\ADVAPI32.dll
0x00007ffc9e600000 - 0x00007ffc9e69e000 	C:\WINDOWS\System32\msvcrt.dll
0x00007ffc9e560000 - 0x00007ffc9e5f7000 	C:\WINDOWS\System32\sechost.dll
0x00007ffc9f7e0000 - 0x00007ffc9f900000 	C:\WINDOWS\System32\RPCRT4.dll
0x00007ffc9e150000 - 0x00007ffc9e2e4000 	C:\WINDOWS\System32\USER32.dll
0x00007ffc9d0a0000 - 0x00007ffc9d0c1000 	C:\WINDOWS\System32\win32u.dll
0x00007ffc8fc50000 - 0x00007ffc8fed5000 	C:\WINDOWS\WinSxS\amd64_microsoft.windows.common-controls_6595b64144ccf1df_6.0.18362.476_none_e6c4b11b130f2595\COMCTL32.dll
0x00007ffc9ea00000 - 0x00007ffc9ea26000 	C:\WINDOWS\System32\GDI32.dll
0x00007ffc9f3e0000 - 0x00007ffc9f716000 	C:\WINDOWS\System32\combase.dll
0x00007ffc9d720000 - 0x00007ffc9d8b4000 	C:\WINDOWS\System32\gdi32full.dll
0x00007ffc9d6a0000 - 0x00007ffc9d720000 	C:\WINDOWS\System32\bcryptPrimitives.dll
0x00007ffc9d380000 - 0x00007ffc9d41e000 	C:\WINDOWS\System32\msvcp_win.dll
0x00007ffc97000000 - 0x00007ffc9700a000 	C:\WINDOWS\SYSTEM32\VERSION.dll
0x00007ffc9fd70000 - 0x00007ffc9fd9e000 	C:\WINDOWS\System32\IMM32.DLL
0x00007ffc84a90000 - 0x00007ffc84b3a000 	C:\Program Files\Java\jdk-12.0.1\bin\msvcp140.dll
0x00007ffc55d60000 - 0x00007ffc568d4000 	C:\Program Files\Java\jdk-12.0.1\bin\server\jvm.dll
0x00007ffc9f790000 - 0x00007ffc9f798000 	C:\WINDOWS\System32\PSAPI.DLL
0x00007ffc95030000 - 0x00007ffc95039000 	C:\WINDOWS\SYSTEM32\WSOCK32.dll
0x00007ffc9afa0000 - 0x00007ffc9afc4000 	C:\WINDOWS\SYSTEM32\WINMM.dll
0x000001c801820000 - 0x000001c80188f000 	C:\WINDOWS\System32\ws2_32.DLL
0x00007ffc9ab20000 - 0x00007ffc9ab4d000 	C:\WINDOWS\SYSTEM32\WINMMBASE.dll
0x00007ffc9d050000 - 0x00007ffc9d09a000 	C:\WINDOWS\System32\cfgmgr32.dll
0x00007ffc9cf80000 - 0x00007ffc9cf91000 	C:\WINDOWS\System32\kernel.appcore.dll
0x00007ffc8d030000 - 0x00007ffc8d041000 	C:\Program Files\Java\jdk-12.0.1\bin\verify.dll
0x00007ffc8ed30000 - 0x00007ffc8ef24000 	C:\WINDOWS\SYSTEM32\DBGHELP.DLL
0x00007ffc8cc50000 - 0x00007ffc8cc7a000 	C:\WINDOWS\SYSTEM32\dbgcore.DLL
0x00007ffc82670000 - 0x00007ffc82696000 	C:\Program Files\Java\jdk-12.0.1\bin\java.dll
0x00007ffc847b0000 - 0x00007ffc847c7000 	C:\Program Files\Java\jdk-12.0.1\bin\zip.dll
0x00007ffc8e830000 - 0x00007ffc8e83a000 	C:\Program Files\Java\jdk-12.0.1\bin\jimage.dll
0x00007ffc9ecf0000 - 0x00007ffc9f3d5000 	C:\WINDOWS\System32\SHELL32.dll
0x00007ffc9ec40000 - 0x00007ffc9ece9000 	C:\WINDOWS\System32\shcore.dll
0x00007ffc9d970000 - 0x00007ffc9e0ee000 	C:\WINDOWS\System32\windows.storage.dll
0x00007ffc9cfc0000 - 0x00007ffc9cfdf000 	C:\WINDOWS\System32\profapi.dll
0x00007ffc9cfe0000 - 0x00007ffc9d02a000 	C:\WINDOWS\System32\powrprof.dll
0x00007ffc9cf70000 - 0x00007ffc9cf80000 	C:\WINDOWS\System32\UMPDC.dll
0x00007ffca0000000 - 0x00007ffca0052000 	C:\WINDOWS\System32\shlwapi.dll
0x00007ffc9d030000 - 0x00007ffc9d047000 	C:\WINDOWS\System32\cryptsp.dll
0x00007ffc60050000 - 0x00007ffc601ef000 	C:\Program Files\Java\jdk-12.0.1\bin\awt.dll
0x00007ffc9ff30000 - 0x00007ffc9fff4000 	C:\WINDOWS\System32\OLEAUT32.dll
0x00007ffc99c70000 - 0x00007ffc9a230000 	C:\WINDOWS\SYSTEM32\d2d1.dll
0x00007ffc9b200000 - 0x00007ffc9b28f000 	C:\WINDOWS\SYSTEM32\apphelp.dll
0x00007ffc9b710000 - 0x00007ffc9b73d000 	C:\WINDOWS\system32\DWMAPI.DLL
0x00007ffc9b2f0000 - 0x00007ffc9b389000 	C:\WINDOWS\system32\uxtheme.dll
0x00007ffc77f10000 - 0x00007ffc78066000 	C:\WINDOWS\system32\opengl32.dll
0x00007ffc7a570000 - 0x00007ffc7a59c000 	C:\WINDOWS\SYSTEM32\GLU32.dll
0x00007ffc9bbe0000 - 0x00007ffc9bc00000 	C:\WINDOWS\SYSTEM32\dxcore.dll
0x00007ffc9e6a0000 - 0x00007ffc9e7d6000 	C:\WINDOWS\System32\MSCTF.dll
0x00007ffc9ea30000 - 0x00007ffc9eb86000 	C:\WINDOWS\System32\ole32.dll
0x00007ffc78220000 - 0x00007ffc783e7000 	C:\WINDOWS\system32\d3d9.dll
0x00007ffc97010000 - 0x00007ffc971ed000 	C:\WINDOWS\System32\DriverStore\FileRepository\c0346830.inf_amd64_f723e13ffb3b2652\B345901\aticfx64.dll
0x00007ffc6f7b0000 - 0x00007ffc6f7e0000 	C:\WINDOWS\System32\DriverStore\FileRepository\c0346830.inf_amd64_f723e13ffb3b2652\B345901\atiu9p64.dll
0x00007ffc6a930000 - 0x00007ffc6b5fe000 	C:\WINDOWS\System32\DriverStore\FileRepository\c0346830.inf_amd64_f723e13ffb3b2652\B345901\atiumd64.dll
0x0000000061010000 - 0x0000000061da4000 	C:\WINDOWS\System32\DriverStore\FileRepository\c0346830.inf_amd64_f723e13ffb3b2652\B345901\atiumd6a.dll
0x00007ffc95d80000 - 0x00007ffc95dab000 	C:\WINDOWS\SYSTEM32\amdihk64.dll
0x00007ffc7c3f0000 - 0x00007ffc7c470000 	C:\Program Files\Java\jdk-12.0.1\bin\freetype.dll
0x00007ffc7c380000 - 0x00007ffc7c3ef000 	C:\Program Files\Java\jdk-12.0.1\bin\fontmanager.dll
0x00007ffc94c20000 - 0x00007ffc94cbe000 	C:\WINDOWS\System32\TextInputFramework.dll
0x00007ffc9aec0000 - 0x00007ffc9af94000 	C:\WINDOWS\System32\CoreMessaging.dll
0x00007ffc99060000 - 0x00007ffc9938a000 	C:\WINDOWS\System32\CoreUIComponents.dll
0x00007ffc9c0e0000 - 0x00007ffc9c111000 	C:\WINDOWS\SYSTEM32\ntmarta.dll
0x00007ffc98f00000 - 0x00007ffc99053000 	C:\WINDOWS\SYSTEM32\wintypes.dll
0x00007ffc82650000 - 0x00007ffc82669000 	C:\Program Files\Java\jdk-12.0.1\bin\net.dll
0x00007ffc946d0000 - 0x00007ffc948a6000 	C:\WINDOWS\SYSTEM32\urlmon.dll
0x00007ffc92c10000 - 0x00007ffc92d00000 	C:\WINDOWS\SYSTEM32\WINHTTP.dll
0x00007ffc930d0000 - 0x00007ffc93376000 	C:\WINDOWS\SYSTEM32\iertutil.dll
0x00007ffc9c9b0000 - 0x00007ffc9c9bc000 	C:\WINDOWS\SYSTEM32\CRYPTBASE.DLL
0x00007ffc9c7e0000 - 0x00007ffc9c847000 	C:\WINDOWS\system32\mswsock.dll
0x00007ffc7c160000 - 0x00007ffc7c173000 	C:\Program Files\Java\jdk-12.0.1\bin\nio.dll
0x00007ffc9e860000 - 0x00007ffc9e902000 	C:\WINDOWS\System32\clbcatq.dll

dbghelp: loaded successfully - version: 4.0.5 - missing functions: none
symbol engine: initialized successfully - sym options: 0x614 - pdb path: .;C:\Program Files\Java\jdk-12.0.1\bin;C:\WINDOWS\SYSTEM32;C:\WINDOWS\WinSxS\amd64_microsoft.windows.common-controls_6595b64144ccf1df_6.0.18362.476_none_e6c4b11b130f2595;C:\Program Files\Java\jdk-12.0.1\bin\server;C:\WINDOWS\System32\DriverStore\FileRepository\c0346830.inf_amd64_f723e13ffb3b2652\B345901

VM Arguments:
jvm_args: -Dfile.encoding=Cp1253 
java_command: Swing.First_Example
java_class_path (initial): C:\Users\Aleksandros\eclipse-workspace-09\Project_1\bin
Launcher Type: SUN_STANDARD

[Global flags]
     intx CICompilerCount                          = 3                                         {product} {ergonomic}
     uint ConcGCThreads                            = 1                                         {product} {ergonomic}
     uint G1ConcRefinementThreads                  = 4                                         {product} {ergonomic}
   size_t G1HeapRegionSize                         = 1048576                                   {product} {ergonomic}
    uintx GCDrainStackTargetSize                   = 64                                        {product} {ergonomic}
   size_t InitialHeapSize                          = 134217728                                 {product} {ergonomic}
   size_t MarkStackSize                            = 4194304                                   {product} {ergonomic}
   size_t MaxHeapSize                              = 2136997888                                {product} {ergonomic}
   size_t MaxNewSize                               = 1281359872                                {product} {ergonomic}
   size_t MinHeapDeltaBytes                        = 1048576                                   {product} {ergonomic}
    uintx NonNMethodCodeHeapSize                   = 5830732                                {pd product} {ergonomic}
    uintx NonProfiledCodeHeapSize                  = 122913754                              {pd product} {ergonomic}
    uintx ProfiledCodeHeapSize                     = 122913754                              {pd product} {ergonomic}
    uintx ReservedCodeCacheSize                    = 251658240                              {pd product} {ergonomic}
     bool SegmentedCodeCache                       = true                                      {product} {ergonomic}
     bool UseCompressedClassPointers               = true                                 {lp64_product} {ergonomic}
     bool UseCompressedOops                        = true                                 {lp64_product} {ergonomic}
     bool UseG1GC                                  = true                                      {product} {ergonomic}
     bool UseLargePagesIndividualAllocation        = false                                  {pd product} {ergonomic}

Logging:
Log output configuration:
 #0: stdout all=warning uptime,level,tags
 #1: stderr all=off uptime,level,tags

Environment Variables:
PATH=C:/Program Files/Java/jdk-12.0.1/bin/server;C:/Program Files/Java/jdk-12.0.1/bin;C:\WINDOWS\system32;C:\WINDOWS;C:\WINDOWS\System32\Wbem;C:\WINDOWS\System32\WindowsPowerShell\v1.0\;C:\WINDOWS\System32\OpenSSH\;C:\Program Files\Common Files\Autodesk Shared\;C:\Program Files (x86)\Autodesk\Backburner\;C:\Program Files (x86)\AOMEI Backupper;"C:\Users\Aleksandros\AppData\Local\Microsoft\WindowsApps;C:\Program Files\Java\jdk-12.0.1\bin;";;C:\Users\Aleksandros\AppData\Local\Microsoft\WindowsApps;D:\Program Files\Nmap;C:\Users\Aleksandros\Desktop;
USERNAME=Aleksandros
OS=Windows_NT
PROCESSOR_IDENTIFIER=AMD64 Family 23 Model 1 Stepping 1, AuthenticAMD



---------------  S Y S T E M  ---------------

OS: Windows 10 , 64 bit Build 18362 (10.0.18362.329)

CPU:total 4 (initial active 4) (4 cores per cpu, 1 threads per core) family 23 model 1 stepping 1, cmov, cx8, fxsr, mmx, sse, sse2, sse3, ssse3, sse4.1, sse4.2, popcnt, avx, avx2, aes, clmul, mmxext, 3dnowpref, lzcnt, sse4a, tsc, tscinvbit, tscinv, bmi1, bmi2, adx, sha, fma

Memory: 4k page, system-wide physical 8144M (1589M free)
TotalPageFile size 19317M (AvailPageFile size 0M)
current process WorkingSet (physical memory assigned to process): 49M, peak: 80M
current process commit charge ("private bytes"): 227M, peak: 241M

vm_info: Java HotSpot(TM) 64-Bit Server VM (12.0.1+12) for windows-amd64 JRE (12.0.1+12), built on Apr  2 2019 14:02:19 by "mach5one" with MS VC++ 15.5 (VS2017)

END.
