#
# There is insufficient memory for the Java Runtime Environment to continue.
# Native memory allocation (mmap) failed to map 134217728 bytes for Failed to commit area from 0x0000000080a00000 to 0x0000000088a00000 of length 134217728.
# Possible reasons:
#   The system is out of physical RAM or swap space
#   The process is running with CompressedOops enabled, and the Java Heap may be blocking the growth of the native heap
# Possible solutions:
#   Reduce memory load on the system
#   Increase physical memory or swap space
#   Check if swap backing store is full
#   Decrease Java heap size (-Xmx/-Xms)
#   Decrease number of Java threads
#   Decrease Java thread stack sizes (-Xss)
#   Set larger code cache with -XX:ReservedCodeCacheSize=
# This output file may be truncated or incomplete.
#
#  Out of Memory Error (t:/workspace/open/src/hotspot/os/windows/os_windows.cpp:3254), pid=16180, tid=13484
#
# JRE version:  (12.0.1+12) (build )
# Java VM: Java HotSpot(TM) 64-Bit Server VM (12.0.1+12, mixed mode, aot, sharing, tiered, compressed oops, g1 gc, windows-amd64)
# No core dump will be written. Minidumps are not enabled by default on client versions of Windows
#

---------------  S U M M A R Y ------------

Command Line: -Dfile.encoding=Cp1253 Swing.JImageIconExampleClass

Host: AMD Ryzen 3 1200 Quad-Core Processor           , 4 cores, 7G,  Windows 10 , 64 bit Build 18362 (10.0.18362.329)
Time: Tue Dec 10 21:04:40 2019 ?aeianei? ?na GTB elapsed time: 0 seconds (0d 0h 0m 0s)

---------------  T H R E A D  ---------------

Current thread (0x0000014766ec8000):  JavaThread "Unknown thread" [_thread_in_vm, id=13484, stack(0x0000001504300000,0x0000001504400000)]

Stack: [0x0000001504300000,0x0000001504400000]
Native frames: (J=compiled Java code, j=interpreted, Vv=VM code, C=native code)
V  [jvm.dll+0x63948a]
V  [jvm.dll+0x78b31f]
V  [jvm.dll+0x78c9c1]
V  [jvm.dll+0x78d013]
V  [jvm.dll+0x262138]
V  [jvm.dll+0x63698a]
V  [jvm.dll+0x62b505]
V  [jvm.dll+0x31d9bc]
V  [jvm.dll+0x31d7ef]
V  [jvm.dll+0x323526]
V  [jvm.dll+0x370f76]
V  [jvm.dll+0x370750]
V  [jvm.dll+0x2f786a]
V  [jvm.dll+0x2f8af2]
V  [jvm.dll+0x7657b7]
V  [jvm.dll+0x766e95]
V  [jvm.dll+0x37f089]
V  [jvm.dll+0x749b14]
V  [jvm.dll+0x3ee48d]
V  [jvm.dll+0x3f03c1]
C  [jli.dll+0x51cf]
C  [ucrtbase.dll+0x20e72]
C  [KERNEL32.DLL+0x17bd4]
C  [ntdll.dll+0x6ced1]


---------------  P R O C E S S  ---------------

Threads class SMR info:
_java_thread_list=0x00007ffc568348e8, length=0, elements={
}

Java Threads: ( => current thread )

Other Threads:
  0x0000014766f06800 GCTaskThread "GC Thread#0" [stack: 0x0000001504400000,0x0000001504500000] [id=10244]
  0x0000014766f15000 ConcurrentGCThread "G1 Main Marker" [stack: 0x0000001504500000,0x0000001504600000] [id=9208]
  0x0000014766f17800 ConcurrentGCThread "G1 Conc#0" [stack: 0x0000001504600000,0x0000001504700000] [id=15160]

[error occurred during error reporting (printing all threads), id 0xc0000005, EXCEPTION_ACCESS_VIOLATION (0xc0000005) at pc=0x00007ffc56067a37]

VM state:not at safepoint (not fully initialized)

VM Mutex/Monitor currently owned by a thread:  ([mutex/lock_event])
[0x0000014766ec5910] Heap_lock - owner thread: 0x0000014766ec8000

Heap address: 0x0000000080a00000, size: 2038 MB, Compressed Oops mode: Non-zero based: 0x0000000080a00000
Narrow klass base: 0x0000000000000000, Narrow klass shift: 0

GC Heap History (0 events):
No events

Deoptimization events (0 events):
No events

Classes redefined (0 events):
No events

Internal exceptions (0 events):
No events

Events (0 events):
No events


Dynamic libraries:
0x00007ff7342e0000 - 0x00007ff7342ef000 	C:\Program Files\Java\jdk-12.0.1\bin\javaw.exe
0x00007ffca00a0000 - 0x00007ffca0290000 	C:\WINDOWS\SYSTEM32\ntdll.dll
0x00007ffc9e4a0000 - 0x00007ffc9e552000 	C:\WINDOWS\System32\KERNEL32.DLL
0x00007ffc9d0d0000 - 0x00007ffc9d373000 	C:\WINDOWS\System32\KERNELBASE.dll
0x00007ffc9d570000 - 0x00007ffc9d66a000 	C:\WINDOWS\System32\ucrtbase.dll
0x00007ffc91160000 - 0x00007ffc91176000 	C:\Program Files\Java\jdk-12.0.1\bin\VCRUNTIME140.dll
0x00007ffc8c100000 - 0x00007ffc8c118000 	C:\Program Files\Java\jdk-12.0.1\bin\jli.dll
0x00007ffc9eb90000 - 0x00007ffc9ec33000 	C:\WINDOWS\System32\ADVAPI32.dll
0x00007ffc9e600000 - 0x00007ffc9e69e000 	C:\WINDOWS\System32\msvcrt.dll
0x00007ffc9e560000 - 0x00007ffc9e5f7000 	C:\WINDOWS\System32\sechost.dll
0x00007ffc9f7e0000 - 0x00007ffc9f900000 	C:\WINDOWS\System32\RPCRT4.dll
0x00007ffc9e150000 - 0x00007ffc9e2e4000 	C:\WINDOWS\System32\USER32.dll
0x00007ffc8fc50000 - 0x00007ffc8fed5000 	C:\WINDOWS\WinSxS\amd64_microsoft.windows.common-controls_6595b64144ccf1df_6.0.18362.476_none_e6c4b11b130f2595\COMCTL32.dll
0x00007ffc9d0a0000 - 0x00007ffc9d0c1000 	C:\WINDOWS\System32\win32u.dll
0x00007ffc9f3e0000 - 0x00007ffc9f716000 	C:\WINDOWS\System32\combase.dll
0x00007ffc9ea00000 - 0x00007ffc9ea26000 	C:\WINDOWS\System32\GDI32.dll
0x00007ffc9d6a0000 - 0x00007ffc9d720000 	C:\WINDOWS\System32\bcryptPrimitives.dll
0x00007ffc9d720000 - 0x00007ffc9d8b4000 	C:\WINDOWS\System32\gdi32full.dll
0x00007ffc9d380000 - 0x00007ffc9d41e000 	C:\WINDOWS\System32\msvcp_win.dll
0x00007ffc97000000 - 0x00007ffc9700a000 	C:\WINDOWS\SYSTEM32\VERSION.dll
0x00007ffc9fd70000 - 0x00007ffc9fd9e000 	C:\WINDOWS\System32\IMM32.DLL
0x00007ffc84a90000 - 0x00007ffc84b3a000 	C:\Program Files\Java\jdk-12.0.1\bin\msvcp140.dll
0x00007ffc55d60000 - 0x00007ffc568d4000 	C:\Program Files\Java\jdk-12.0.1\bin\server\jvm.dll
0x00007ffc9f790000 - 0x00007ffc9f798000 	C:\WINDOWS\System32\PSAPI.DLL
0x00007ffc95030000 - 0x00007ffc95039000 	C:\WINDOWS\SYSTEM32\WSOCK32.dll
0x00007ffc9afa0000 - 0x00007ffc9afc4000 	C:\WINDOWS\SYSTEM32\WINMM.dll
0x00007ffc9f720000 - 0x00007ffc9f78f000 	C:\WINDOWS\System32\WS2_32.dll
0x00007ffc9ab20000 - 0x00007ffc9ab4d000 	C:\WINDOWS\SYSTEM32\winmmbase.dll
0x00007ffc9d050000 - 0x00007ffc9d09a000 	C:\WINDOWS\System32\cfgmgr32.dll
0x00007ffc9cf80000 - 0x00007ffc9cf91000 	C:\WINDOWS\System32\kernel.appcore.dll
0x00007ffc8d030000 - 0x00007ffc8d041000 	C:\Program Files\Java\jdk-12.0.1\bin\verify.dll
0x00007ffc8ed30000 - 0x00007ffc8ef24000 	C:\WINDOWS\SYSTEM32\DBGHELP.DLL
0x00007ffc8cc50000 - 0x00007ffc8cc7a000 	C:\WINDOWS\SYSTEM32\dbgcore.DLL
0x00007ffc82670000 - 0x00007ffc82696000 	C:\Program Files\Java\jdk-12.0.1\bin\java.dll
0x00007ffc847b0000 - 0x00007ffc847c7000 	C:\Program Files\Java\jdk-12.0.1\bin\zip.dll
0x00007ffc8e830000 - 0x00007ffc8e83a000 	C:\Program Files\Java\jdk-12.0.1\bin\jimage.dll

dbghelp: loaded successfully - version: 4.0.5 - missing functions: none
symbol engine: initialized successfully - sym options: 0x614 - pdb path: .;C:\Program Files\Java\jdk-12.0.1\bin;C:\WINDOWS\SYSTEM32;C:\WINDOWS\WinSxS\amd64_microsoft.windows.common-controls_6595b64144ccf1df_6.0.18362.476_none_e6c4b11b130f2595;C:\Program Files\Java\jdk-12.0.1\bin\server

VM Arguments:
jvm_args: -Dfile.encoding=Cp1253 
java_command: Swing.JImageIconExampleClass
java_class_path (initial): C:\Users\Aleksandros\eclipse-workspace-09\Project_1\bin
Launcher Type: SUN_STANDARD

[Global flags]
     intx CICompilerCount                          = 3                                         {product} {ergonomic}
     uint ConcGCThreads                            = 1                                         {product} {ergonomic}
     uint G1ConcRefinementThreads                  = 4                                         {product} {ergonomic}
   size_t G1HeapRegionSize                         = 1048576                                   {product} {ergonomic}
    uintx GCDrainStackTargetSize                   = 64                                        {product} {ergonomic}
   size_t InitialHeapSize                          = 134217728                                 {product} {ergonomic}
   size_t MarkStackSize                            = 4194304                                   {product} {ergonomic}
   size_t MaxHeapSize                              = 2136997888                                {product} {ergonomic}
   size_t MinHeapDeltaBytes                        = 1048576                                   {product} {ergonomic}
    uintx NonNMethodCodeHeapSize                   = 5830732                                {pd product} {ergonomic}
    uintx NonProfiledCodeHeapSize                  = 122913754                              {pd product} {ergonomic}
    uintx ProfiledCodeHeapSize                     = 122913754                              {pd product} {ergonomic}
    uintx ReservedCodeCacheSize                    = 251658240                              {pd product} {ergonomic}
     bool SegmentedCodeCache                       = true                                      {product} {ergonomic}
     bool UseCompressedClassPointers               = true                                 {lp64_product} {ergonomic}
     bool UseCompressedOops                        = true                                 {lp64_product} {ergonomic}
     bool UseG1GC                                  = true                                      {product} {ergonomic}
     bool UseLargePagesIndividualAllocation        = false                                  {pd product} {ergonomic}

Logging:
Log output configuration:
 #0: stdout all=warning uptime,level,tags
 #1: stderr all=off uptime,level,tags

Environment Variables:
PATH=C:/Program Files/Java/jdk-12.0.1/bin/server;C:/Program Files/Java/jdk-12.0.1/bin;C:\WINDOWS\system32;C:\WINDOWS;C:\WINDOWS\System32\Wbem;C:\WINDOWS\System32\WindowsPowerShell\v1.0\;C:\WINDOWS\System32\OpenSSH\;C:\Program Files\Common Files\Autodesk Shared\;C:\Program Files (x86)\Autodesk\Backburner\;C:\Program Files (x86)\AOMEI Backupper;"C:\Users\Aleksandros\AppData\Local\Microsoft\WindowsApps;C:\Program Files\Java\jdk-12.0.1\bin;";;C:\Users\Aleksandros\AppData\Local\Microsoft\WindowsApps;D:\Program Files\Nmap;C:\Users\Aleksandros\Desktop;
USERNAME=Aleksandros
OS=Windows_NT
PROCESSOR_IDENTIFIER=AMD64 Family 23 Model 1 Stepping 1, AuthenticAMD



---------------  S Y S T E M  ---------------

OS: Windows 10 , 64 bit Build 18362 (10.0.18362.329)

CPU:total 4 (initial active 4) (4 cores per cpu, 1 threads per core) family 23 model 1 stepping 1, cmov, cx8, fxsr, mmx, sse, sse2, sse3, ssse3, sse4.1, sse4.2, popcnt, avx, avx2, aes, clmul, mmxext, 3dnowpref, lzcnt, sse4a, tsc, tscinvbit, tscinv, bmi1, bmi2, adx, sha, fma

Memory: 4k page, system-wide physical 8144M (2735M free)
TotalPageFile size 19317M (AvailPageFile size 129M)
current process WorkingSet (physical memory assigned to process): 10M, peak: 10M
current process commit charge ("private bytes"): 52M, peak: 180M

vm_info: Java HotSpot(TM) 64-Bit Server VM (12.0.1+12) for windows-amd64 JRE (12.0.1+12), built on Apr  2 2019 14:02:19 by "mach5one" with MS VC++ 15.5 (VS2017)

END.
