#
# There is insufficient memory for the Java Runtime Environment to continue.
# Native memory allocation (malloc) failed to allocate 32744 bytes for ChunkPool::allocate
# Possible reasons:
#   The system is out of physical RAM or swap space
#   In 32 bit mode, the process size limit was hit
# Possible solutions:
#   Reduce memory load on the system
#   Increase physical memory or swap space
#   Check if swap backing store is full
#   Use 64 bit Java on a 64 bit OS
#   Decrease Java heap size (-Xmx/-Xms)
#   Decrease number of Java threads
#   Decrease Java thread stack sizes (-Xss)
#   Set larger code cache with -XX:ReservedCodeCacheSize=
# This output file may be truncated or incomplete.
#
#  Out of Memory Error (allocation.cpp:273), pid=5900, tid=0x00000000000004cc
#
# JRE version: Java(TM) SE Runtime Environment (8.0_171-b11) (build 1.8.0_171-b11)
# Java VM: Java HotSpot(TM) 64-Bit Server VM (25.171-b11 mixed mode windows-amd64 compressed oops)
# Failed to write core dump. Minidumps are not enabled by default on client versions of Windows
#

---------------  T H R E A D  ---------------

Current thread (0x0000000015165000):  JavaThread "C1 CompilerThread2" daemon [_thread_in_native, id=1228, stack(0x00000000169d0000,0x0000000016ad0000)]

Stack: [0x00000000169d0000,0x0000000016ad0000]
[error occurred during error reporting (printing stack bounds), id 0xc0000005]

Native frames: (J=compiled Java code, j=interpreted, Vv=VM code, C=native code)


Current CompileTask:
C1: 477322  695   !   3       java.awt.DefaultKeyboardFocusManager::dispatchEvent (1640 bytes)


---------------  P R O C E S S  ---------------

Java Threads: ( => current thread )
  0x000000001cb85800 JavaThread "TimerQueue" daemon [_thread_blocked, id=3220, stack(0x000000001eeb0000,0x000000001efb0000)]
  0x000000001cb78800 JavaThread "D3D Screen Updater" daemon [_thread_blocked, id=2012, stack(0x000000001dea0000,0x000000001dfa0000)]
  0x000000000298e800 JavaThread "DestroyJavaVM" [_thread_blocked, id=8136, stack(0x0000000002850000,0x0000000002950000)]
  0x000000001cb4c800 JavaThread "AWT-EventQueue-0" [_thread_blocked, id=9552, stack(0x000000001daa0000,0x000000001dba0000)]
  0x0000000016ebd800 JavaThread "AWT-Windows" daemon [_thread_in_native, id=2504, stack(0x0000000017500000,0x0000000017600000)]
  0x0000000016ebc000 JavaThread "AWT-Shutdown" [_thread_blocked, id=5248, stack(0x0000000017400000,0x0000000017500000)]
  0x0000000016eb9800 JavaThread "Java2D Disposer" daemon [_thread_blocked, id=7320, stack(0x0000000017240000,0x0000000017340000)]
  0x00000000151ad800 JavaThread "Service Thread" daemon [_thread_blocked, id=6840, stack(0x0000000016ed0000,0x0000000016fd0000)]
=>0x0000000015165000 JavaThread "C1 CompilerThread2" daemon [_thread_in_native, id=1228, stack(0x00000000169d0000,0x0000000016ad0000)]
  0x0000000015154000 JavaThread "C2 CompilerThread1" daemon [_thread_blocked, id=5876, stack(0x00000000168d0000,0x00000000169d0000)]
  0x000000001514f000 JavaThread "C2 CompilerThread0" daemon [_thread_blocked, id=5712, stack(0x00000000167d0000,0x00000000168d0000)]
  0x000000001514d800 JavaThread "Attach Listener" daemon [_thread_blocked, id=6272, stack(0x00000000166d0000,0x00000000167d0000)]
  0x000000001514c800 JavaThread "Signal Dispatcher" daemon [_thread_blocked, id=10080, stack(0x00000000165d0000,0x00000000166d0000)]
  0x000000001513a800 JavaThread "Finalizer" daemon [_thread_blocked, id=9288, stack(0x00000000163a0000,0x00000000164a0000)]
  0x0000000002ad1000 JavaThread "Reference Handler" daemon [_thread_blocked, id=7156, stack(0x00000000162a0000,0x00000000163a0000)]

Other Threads:
  0x0000000015117800 VMThread [stack: 0x00000000161a0000,0x00000000162a0000] [id=11060]
  0x0000000016b22000 WatcherThread [stack: 0x0000000016fd0000,0x00000000170d0000] [id=7856]

VM state:not at safepoint (normal execution)

VM Mutex/Monitor currently owned by a thread: None

Heap:
 PSYoungGen      total 18944K, used 5900K [0x00000000eae00000, 0x00000000ec300000, 0x0000000100000000)
  eden space 16384K, 36% used [0x00000000eae00000,0x00000000eb3c33c0,0x00000000ebe00000)
  from space 2560K, 0% used [0x00000000ec080000,0x00000000ec080000,0x00000000ec300000)
  to   space 2560K, 0% used [0x00000000ebe00000,0x00000000ebe00000,0x00000000ec080000)
 ParOldGen       total 44032K, used 0K [0x00000000c0a00000, 0x00000000c3500000, 0x00000000eae00000)
  object space 44032K, 0% used [0x00000000c0a00000,0x00000000c0a00000,0x00000000c3500000)
 Metaspace       used 9934K, capacity 10144K, committed 10368K, reserved 1058816K
  class space    used 1264K, capacity 1352K, committed 1408K, reserved 1048576K

Card table byte_map: [0x0000000011ea0000,0x00000000120a0000] byte_map_base: 0x000000001189b000

Marking Bits: (ParMarkBitMap*) 0x0000000059a708c0
 Begin Bits: [0x0000000012600000, 0x00000000135d8000)
 End Bits:   [0x00000000135d8000, 0x00000000145b0000)

Polling page: 0x0000000000ab0000

CodeCache: size=245760Kb used=2492Kb max_used=2492Kb free=243267Kb
 bounds [0x0000000002ae0000, 0x0000000002d50000, 0x0000000011ae0000]
 total_blobs=1154 nmethods=694 adapters=374
 compilation: enabled

Compilation events (10 events):
Event: 477.156 Thread 0x0000000015165000 nmethod 690 0x0000000002d4d050 code [0x0000000002d4d1a0, 0x0000000002d4d2f0]
Event: 477.156 Thread 0x0000000015165000  691       1       sun.awt.image.VolatileSurfaceManager::contentsLost (5 bytes)
Event: 477.156 Thread 0x0000000015165000 nmethod 691 0x0000000002d4d390 code [0x0000000002d4d4e0, 0x0000000002d4d5f0]
Event: 477.233 Thread 0x0000000015165000  692       3       java.util.HashMap::remove (26 bytes)
Event: 477.233 Thread 0x0000000015165000 nmethod 692 0x0000000002d4d650 code [0x0000000002d4d7e0, 0x0000000002d4dbf8]
Event: 477.233 Thread 0x0000000015165000  693       3       java.util.HashMap::removeNode (291 bytes)
Event: 477.234 Thread 0x0000000015165000 nmethod 693 0x0000000002d4dd50 code [0x0000000002d4dfa0, 0x0000000002d4f1d8]
Event: 477.247 Thread 0x0000000015165000  694       3       java.util.HashMap::afterNodeRemoval (1 bytes)
Event: 477.247 Thread 0x0000000015165000 nmethod 694 0x0000000002d4f850 code [0x0000000002d4f9a0, 0x0000000002d4faf0]
Event: 477.254 Thread 0x0000000015165000  695   !   3       java.awt.DefaultKeyboardFocusManager::dispatchEvent (1640 bytes)

GC Heap History (0 events):
No events

Deoptimization events (0 events):
No events

Classes redefined (0 events):
No events

Internal exceptions (10 events):
Event: 0.033 Thread 0x000000000298e800 Exception <a 'java/lang/NoSuchMethodError': Method sun.misc.Unsafe.defineClass(Ljava/lang/String;[BII)Ljava/lang/Class; name or signature does not match> (0x00000000eae07cb0) thrown at [C:\re\workspace\8-2-build-windows-amd64-cygwin\jdk8u171\10807\hotspot
Event: 0.033 Thread 0x000000000298e800 Exception <a 'java/lang/NoSuchMethodError': Method sun.misc.Unsafe.prefetchRead(Ljava/lang/Object;J)V name or signature does not match> (0x00000000eae07f98) thrown at [C:\re\workspace\8-2-build-windows-amd64-cygwin\jdk8u171\10807\hotspot\src\share\vm\prim
Event: 0.109 Thread 0x000000000298e800 Exception <a 'java/security/PrivilegedActionException'> (0x00000000eae9c1a8) thrown at [C:\re\workspace\8-2-build-windows-amd64-cygwin\jdk8u171\10807\hotspot\src\share\vm\prims\jvm.cpp, line 1435]
Event: 0.109 Thread 0x000000000298e800 Exception <a 'java/security/PrivilegedActionException'> (0x00000000eae9c3b8) thrown at [C:\re\workspace\8-2-build-windows-amd64-cygwin\jdk8u171\10807\hotspot\src\share\vm\prims\jvm.cpp, line 1435]
Event: 0.109 Thread 0x000000000298e800 Exception <a 'java/security/PrivilegedActionException'> (0x00000000eaea0028) thrown at [C:\re\workspace\8-2-build-windows-amd64-cygwin\jdk8u171\10807\hotspot\src\share\vm\prims\jvm.cpp, line 1435]
Event: 0.109 Thread 0x000000000298e800 Exception <a 'java/security/PrivilegedActionException'> (0x00000000eaea0238) thrown at [C:\re\workspace\8-2-build-windows-amd64-cygwin\jdk8u171\10807\hotspot\src\share\vm\prims\jvm.cpp, line 1435]
Event: 0.115 Thread 0x000000000298e800 Exception <a 'java/io/FileNotFoundException'> (0x00000000eaefa510) thrown at [C:\re\workspace\8-2-build-windows-amd64-cygwin\jdk8u171\10807\hotspot\src\share\vm\prims\jni.cpp, line 709]
Event: 0.150 Thread 0x000000000298e800 Exception <a 'java/lang/NoSuchFieldError': method resolution failed> (0x00000000eafcbe78) thrown at [C:\re\workspace\8-2-build-windows-amd64-cygwin\jdk8u171\10807\hotspot\src\share\vm\prims\methodHandles.cpp, line 1167]
Event: 0.152 Thread 0x000000000298e800 Exception <a 'java/lang/NoSuchFieldError': method resolution failed> (0x00000000eafd9248) thrown at [C:\re\workspace\8-2-build-windows-amd64-cygwin\jdk8u171\10807\hotspot\src\share\vm\prims\methodHandles.cpp, line 1167]
Event: 0.192 Thread 0x000000000298e800 Exception <a 'java/io/FileNotFoundException'> (0x00000000eb072b28) thrown at [C:\re\workspace\8-2-build-windows-amd64-cygwin\jdk8u171\10807\hotspot\src\share\vm\prims\jni.cpp, line 709]

Events (10 events):
Event: 1.580 loading class javax/swing/text/DefaultCaret$1
Event: 1.580 loading class javax/swing/text/DefaultCaret$1 done
Event: 1.581 loading class sun/misc/FDBigInteger
Event: 1.581 loading class sun/misc/FDBigInteger done
Event: 1.582 loading class javax/swing/RepaintManager$3
Event: 1.582 loading class javax/swing/RepaintManager$3 done
Event: 4.105 Executing VM operation: EnableBiasedLocking
Event: 4.105 Executing VM operation: EnableBiasedLocking done
Event: 8.411 loading class java/awt/LightweightDispatcher$2
Event: 8.411 loading class java/awt/LightweightDispatcher$2 done


Dynamic libraries:
0x00007ff6b2a70000 - 0x00007ff6b2aa7000 	C:\Program Files\Java\jre1.8.0_171\bin\javaw.exe
0x00007ffea6910000 - 0x00007ffea6af1000 	C:\WINDOWS\SYSTEM32\ntdll.dll
0x00007ffea5ff0000 - 0x00007ffea60a2000 	C:\WINDOWS\System32\KERNEL32.DLL
0x00007ffea2ec0000 - 0x00007ffea3133000 	C:\WINDOWS\System32\KERNELBASE.dll
0x00007ffea5a20000 - 0x00007ffea5ac1000 	C:\WINDOWS\System32\ADVAPI32.dll
0x00007ffea6580000 - 0x00007ffea661e000 	C:\WINDOWS\System32\msvcrt.dll
0x00007ffea3ef0000 - 0x00007ffea3f4b000 	C:\WINDOWS\System32\sechost.dll
0x00007ffea5890000 - 0x00007ffea59b4000 	C:\WINDOWS\System32\RPCRT4.dll
0x00007ffea6330000 - 0x00007ffea64c0000 	C:\WINDOWS\System32\USER32.dll
0x00007ffea3c80000 - 0x00007ffea3ca0000 	C:\WINDOWS\System32\win32u.dll
0x00007ffea3f50000 - 0x00007ffea3f78000 	C:\WINDOWS\System32\GDI32.dll
0x00007ffea3ae0000 - 0x00007ffea3c72000 	C:\WINDOWS\System32\gdi32full.dll
0x00007ffea3140000 - 0x00007ffea31df000 	C:\WINDOWS\System32\msvcp_win.dll
0x00007ffea3ca0000 - 0x00007ffea3d9a000 	C:\WINDOWS\System32\ucrtbase.dll
0x00007ffe979b0000 - 0x00007ffe97c19000 	C:\WINDOWS\WinSxS\amd64_microsoft.windows.common-controls_6595b64144ccf1df_6.0.17134.471_none_fb3e9aab3068fc16\COMCTL32.dll
0x00007ffea4120000 - 0x00007ffea4442000 	C:\WINDOWS\System32\combase.dll
0x00007ffea2ce0000 - 0x00007ffea2d5a000 	C:\WINDOWS\System32\bcryptPrimitives.dll
0x00007ffea64e0000 - 0x00007ffea650d000 	C:\WINDOWS\System32\IMM32.DLL
0x0000000059af0000 - 0x0000000059bc2000 	C:\Program Files\Java\jre1.8.0_171\bin\msvcr100.dll
0x0000000059250000 - 0x0000000059af0000 	C:\Program Files\Java\jre1.8.0_171\bin\server\jvm.dll
0x00007ffea6620000 - 0x00007ffea6628000 	C:\WINDOWS\System32\PSAPI.DLL
0x00007ffe8fbd0000 - 0x00007ffe8fbd9000 	C:\WINDOWS\SYSTEM32\WSOCK32.dll
0x00007ffea0aa0000 - 0x00007ffea0ac3000 	C:\WINDOWS\SYSTEM32\WINMM.dll
0x00007ffea60b0000 - 0x00007ffea611c000 	C:\WINDOWS\System32\WS2_32.dll
0x00007ffe9d520000 - 0x00007ffe9d52a000 	C:\WINDOWS\SYSTEM32\VERSION.dll
0x00007ffea0650000 - 0x00007ffea067a000 	C:\WINDOWS\SYSTEM32\WINMMBASE.dll
0x00007ffea2dc0000 - 0x00007ffea2e09000 	C:\WINDOWS\System32\cfgmgr32.dll
0x0000000059240000 - 0x000000005924f000 	C:\Program Files\Java\jre1.8.0_171\bin\verify.dll
0x0000000059210000 - 0x0000000059239000 	C:\Program Files\Java\jre1.8.0_171\bin\java.dll
0x00000000591f0000 - 0x0000000059206000 	C:\Program Files\Java\jre1.8.0_171\bin\zip.dll
0x00007ffea4450000 - 0x00007ffea5890000 	C:\WINDOWS\System32\SHELL32.dll
0x00007ffea6830000 - 0x00007ffea68d9000 	C:\WINDOWS\System32\shcore.dll
0x00007ffea33d0000 - 0x00007ffea3add000 	C:\WINDOWS\System32\windows.storage.dll
0x00007ffea3e90000 - 0x00007ffea3ee1000 	C:\WINDOWS\System32\shlwapi.dll
0x00007ffea2c60000 - 0x00007ffea2c71000 	C:\WINDOWS\System32\kernel.appcore.dll
0x00007ffea2c40000 - 0x00007ffea2c5f000 	C:\WINDOWS\System32\profapi.dll
0x00007ffea2c80000 - 0x00007ffea2ccc000 	C:\WINDOWS\System32\powrprof.dll
0x00007ffea2cd0000 - 0x00007ffea2cda000 	C:\WINDOWS\System32\FLTLIB.DLL
0x0000000059050000 - 0x00000000591e8000 	C:\Program Files\Java\jre1.8.0_171\bin\awt.dll
0x00007ffea5ad0000 - 0x00007ffea5b92000 	C:\WINDOWS\System32\OLEAUT32.dll
0x00007ffea0cb0000 - 0x00007ffea0d3b000 	C:\WINDOWS\SYSTEM32\apphelp.dll
0x00007ffea10c0000 - 0x00007ffea10e9000 	C:\WINDOWS\system32\DWMAPI.DLL
0x00007ffea0e30000 - 0x00007ffea0ec8000 	C:\WINDOWS\system32\uxtheme.dll
0x00007ffe7bc20000 - 0x00007ffe7bd40000 	C:\WINDOWS\system32\opengl32.dll
0x00007ffe8d620000 - 0x00007ffe8d64c000 	C:\WINDOWS\SYSTEM32\GLU32.dll
0x00007ffea6120000 - 0x00007ffea6293000 	C:\WINDOWS\System32\MSCTF.dll
0x00007ffea6630000 - 0x00007ffea6781000 	C:\WINDOWS\System32\ole32.dll
0x00007ffe7d8e0000 - 0x00007ffe7da77000 	C:\WINDOWS\system32\d3d9.dll
0x00007ffe9d530000 - 0x00007ffe9d70a000 	C:\WINDOWS\System32\DriverStore\FileRepository\c0318486.inf_amd64_11ba0b4b7cc81d52\aticfx64.dll
0x00007ffe95e80000 - 0x00007ffe95eb2000 	C:\WINDOWS\System32\DriverStore\FileRepository\c0318486.inf_amd64_11ba0b4b7cc81d52\atiu9p64.dll
0x00007ffe48d10000 - 0x00007ffe4984c000 	C:\WINDOWS\System32\DriverStore\FileRepository\c0318486.inf_amd64_11ba0b4b7cc81d52\atiumd64.dll
0x0000000061050000 - 0x0000000061ce3000 	C:\WINDOWS\System32\DriverStore\FileRepository\c0318486.inf_amd64_11ba0b4b7cc81d52\atiumd6a.dll
0x0000000059000000 - 0x0000000059047000 	C:\Program Files\Java\jre1.8.0_171\bin\fontmanager.dll
0x0000000058fe0000 - 0x0000000058ffa000 	C:\Program Files\Java\jre1.8.0_171\bin\net.dll
0x00007ffea24a0000 - 0x00007ffea2506000 	C:\WINDOWS\system32\mswsock.dll
0x0000000058fc0000 - 0x0000000058fd1000 	C:\Program Files\Java\jre1.8.0_171\bin\nio.dll
0x0000000058f70000 - 0x0000000058fb2000 	C:\Program Files\Java\jre1.8.0_171\bin\t2k.dll
0x00007ffea6790000 - 0x00007ffea6830000 	C:\WINDOWS\System32\clbcatq.dll
0x00007ffe9e3f0000 - 0x00007ffe9e59e000 	C:\WINDOWS\SYSTEM32\WindowsCodecs.dll
0x00007ffe8bf90000 - 0x00007ffe8bfe8000 	C:\WINDOWS\system32\dataexchange.dll
0x00007ffea04b0000 - 0x00007ffea064c000 	C:\WINDOWS\system32\dcomp.dll
0x00007ffe9fbd0000 - 0x00007ffe9fedb000 	C:\WINDOWS\system32\d3d11.dll
0x00007ffea19c0000 - 0x00007ffea1a7b000 	C:\WINDOWS\system32\dxgi.dll
0x00007ffea1250000 - 0x00007ffea1408000 	C:\WINDOWS\system32\twinapi.appcore.dll
0x00007ffea11f0000 - 0x00007ffea1211000 	C:\WINDOWS\system32\RMCLIENT.dll
0x00007ffe9a460000 - 0x00007ffe9a4f6000 	C:\WINDOWS\System32\TextInputFramework.dll
0x00007ffe9dec0000 - 0x00007ffe9e1de000 	C:\WINDOWS\System32\CoreUIComponents.dll
0x00007ffea09c0000 - 0x00007ffea0a9a000 	C:\WINDOWS\System32\CoreMessaging.dll
0x00007ffea1cf0000 - 0x00007ffea1d21000 	C:\WINDOWS\SYSTEM32\ntmarta.dll
0x00007ffe9dd70000 - 0x00007ffe9debd000 	C:\WINDOWS\SYSTEM32\wintypes.dll

VM Arguments:
jvm_args: -Dfile.encoding=UTF-8 
java_command: CalculatorM.Numbers
java_class_path (initial): C:\Program Files\Java\jre1.8.0_171\lib\resources.jar;C:\Program Files\Java\jre1.8.0_171\lib\rt.jar;C:\Program Files\Java\jre1.8.0_171\lib\jsse.jar;C:\Program Files\Java\jre1.8.0_171\lib\jce.jar;C:\Program Files\Java\jre1.8.0_171\lib\charsets.jar;C:\Program Files\Java\jre1.8.0_171\lib\jfr.jar;C:\Program Files\Java\jre1.8.0_171\lib\ext\access-bridge-64.jar;C:\Program Files\Java\jre1.8.0_171\lib\ext\cldrdata.jar;C:\Program Files\Java\jre1.8.0_171\lib\ext\dnsns.jar;C:\Program Files\Java\jre1.8.0_171\lib\ext\jaccess.jar;C:\Program Files\Java\jre1.8.0_171\lib\ext\jfxrt.jar;C:\Program Files\Java\jre1.8.0_171\lib\ext\localedata.jar;C:\Program Files\Java\jre1.8.0_171\lib\ext\nashorn.jar;C:\Program Files\Java\jre1.8.0_171\lib\ext\sunec.jar;C:\Program Files\Java\jre1.8.0_171\lib\ext\sunjce_provider.jar;C:\Program Files\Java\jre1.8.0_171\lib\ext\sunmscapi.jar;C:\Program Files\Java\jre1.8.0_171\lib\ext\sunpkcs11.jar;C:\Program Files\Java\jre1.8.0_171\lib\ext\zipfs.jar;D:\Program Files\Java Projects\Project_1\bin
Launcher Type: SUN_STANDARD

Environment Variables:
PATH=C:/Program Files/Java/jre1.8.0_191/bin/server;C:/Program Files/Java/jre1.8.0_191/bin;C:/Program Files/Java/jre1.8.0_191/lib/amd64;C:\Program Files (x86)\Common Files\Oracle\Java\javapath;C:\ProgramData\Oracle\Java\javapath;C:\WINDOWS\system32;C:\WINDOWS;C:\WINDOWS\System32\Wbem;C:\WINDOWS\System32\WindowsPowerShell\v1.0\;C:\Program Files\Common Files\Autodesk Shared\;C:\Program Files (x86)\Autodesk\Backburner\;C:\Program Files\Microsoft SQL Server\120\Tools\Binn\;C:\Program Files\Microsoft SQL Server\130\Tools\Binn\;C:\Program Files (x86)\Windows Kits\10\Windows Performance Toolkit\;D:\Program Files\Git_Extensions_Setup\Git\cmd;C:\WINDOWS\System32\OpenSSH\;D:\Program Files\Putty\;C:\Program Files\Java\jdk1.8.0_191\bin;C:\Users\Aleksandros\AppData\Local\Microsoft\WindowsApps;C:\Users\Aleksandros\AppData\Local\GitHubDesktop\bin;C:\Users\Aleksandros\Desktop;
USERNAME=Aleksandros
OS=Windows_NT
PROCESSOR_IDENTIFIER=AMD64 Family 23 Model 1 Stepping 1, AuthenticAMD



---------------  S Y S T E M  ---------------

OS: Windows 10.0 , 64 bit Build 17134 (10.0.17134.1)

CPU:total 4 (initial active 4) (4 cores per cpu, 1 threads per core) family 23 model 1 stepping 1, cmov, cx8, fxsr, mmx, sse, sse2, sse3, ssse3, sse4.1, sse4.2, popcnt, avx, avx2, aes, clmul, mmxext, 3dnowpref, lzcnt, sse4a, tsc, tscinvbit, tscinv, bmi1

Memory: 4k page, physical 4145948k(570072k free), swap 16728860k(4144k free)

vm_info: Java HotSpot(TM) 64-Bit Server VM (25.171-b11) for windows-amd64 JRE (1.8.0_171-b11), built on Mar 28 2018 16:06:12 by "java_re" with MS VC++ 10.0 (VS2010)

time: Wed Dec 19 18:59:18 2018
elapsed time: 477 seconds (0d 0h 7m 57s)

